[ 2017-06-10T19:57:36+08:00 ] 127.0.0.1 /index.php/Home/login/login
INFO: [ app_begin ] --START--
INFO: Run Behavior\ReadHtmlCacheBehavior [ RunTime:0.000957s ]
INFO: [ app_begin ] --END-- [ RunTime:0.001721s ]
SQL: SHOW COLUMNS FROM `tp_user` [ RunTime:0.0151s ]
SQL: SELECT * FROM `tp_user` WHERE `user_name` = '123123' AND `user_pwd` = '4297f44b13955235245b2497399d7a93' LIMIT 1   [ RunTime:0.0006s ]

[ 2017-06-10T19:57:39+08:00 ] 127.0.0.1 /index.php/Home/login/login
INFO: [ app_begin ] --START--
INFO: Run Behavior\ReadHtmlCacheBehavior [ RunTime:0.001036s ]
INFO: [ app_begin ] --END-- [ RunTime:0.001892s ]
SQL: SHOW COLUMNS FROM `tp_user` [ RunTime:0.0164s ]
SQL: SELECT * FROM `tp_user` WHERE `user_name` = '123123' AND `user_pwd` = '4297f44b13955235245b2497399d7a93' LIMIT 1   [ RunTime:0.0006s ]

[ 2017-06-10T20:01:29+08:00 ] 127.0.0.1 /index.php/Home/login/login
INFO: [ app_begin ] --START--
INFO: Run Behavior\ReadHtmlCacheBehavior [ RunTime:0.000937s ]
INFO: [ app_begin ] --END-- [ RunTime:0.001647s ]
SQL: SHOW COLUMNS FROM `tp_user` [ RunTime:0.0132s ]
SQL: SELECT * FROM `tp_user` WHERE `user_name` = '123123' AND `user_pwd` = '4297f44b13955235245b2497399d7a93' LIMIT 1   [ RunTime:0.0006s ]

[ 2017-06-10T20:01:49+08:00 ] 127.0.0.1 /index.php/Home/login/login
INFO: [ app_begin ] --START--
INFO: Run Behavior\ReadHtmlCacheBehavior [ RunTime:0.000922s ]
INFO: [ app_begin ] --END-- [ RunTime:0.001698s ]
SQL: SHOW COLUMNS FROM `tp_user` [ RunTime:0.0165s ]
SQL: SELECT * FROM `tp_user` WHERE `user_name` = '123123' AND `user_pwd` = '4297f44b13955235245b2497399d7a93' LIMIT 1   [ RunTime:0.0006s ]

[ 2017-06-10T20:03:59+08:00 ] 127.0.0.1 /index.php/Home/login/login
INFO: [ app_begin ] --START--
INFO: Run Behavior\ReadHtmlCacheBehavior [ RunTime:0.000847s ]
INFO: [ app_begin ] --END-- [ RunTime:0.001664s ]
SQL: SHOW COLUMNS FROM `tp_user` [ RunTime:0.0146s ]
SQL: SELECT * FROM `tp_user` WHERE `user_name` = 'susu' AND `user_pwd` = '4297f44b13955235245b2497399d7a93' LIMIT 1   [ RunTime:0.0512s ]

[ 2017-06-10T20:05:26+08:00 ] 127.0.0.1 /index.php/Home/login/login
INFO: [ app_begin ] --START--
INFO: Run Behavior\ReadHtmlCacheBehavior [ RunTime:0.000826s ]
INFO: [ app_begin ] --END-- [ RunTime:0.001620s ]
SQL: SHOW COLUMNS FROM `tp_user` [ RunTime:0.0158s ]
SQL: SELECT * FROM `tp_user` WHERE `user_name` = 'susu' AND `user_pwd` = '4297f44b13955235245b2497399d7a93' LIMIT 1   [ RunTime:0.0006s ]

[ 2017-06-10T20:05:58+08:00 ] 127.0.0.1 /index.php/Home/login/login
INFO: [ app_begin ] --START--
INFO: Run Behavior\ReadHtmlCacheBehavior [ RunTime:0.000806s ]
INFO: [ app_begin ] --END-- [ RunTime:0.001551s ]
SQL: SHOW COLUMNS FROM `tp_user` [ RunTime:0.0160s ]
SQL: SELECT * FROM `tp_user` WHERE `user_name` = 'susu' AND `user_pwd` = '4297f44b13955235245b2497399d7a93' LIMIT 1   [ RunTime:0.0006s ]

[ 2017-06-10T20:06:05+08:00 ] 127.0.0.1 /index.php/Home/login/login
INFO: [ app_begin ] --START--
INFO: Run Behavior\ReadHtmlCacheBehavior [ RunTime:0.000769s ]
INFO: [ app_begin ] --END-- [ RunTime:0.001464s ]
SQL: SHOW COLUMNS FROM `tp_user` [ RunTime:0.0160s ]
SQL: SELECT * FROM `tp_user` WHERE `user_name` = 'susu' AND `user_pwd` = '4297f44b13955235245b2497399d7a93' LIMIT 1   [ RunTime:0.0007s ]

[ 2017-06-10T20:10:35+08:00 ] 127.0.0.1 /index.php/Home/login/login
INFO: [ app_begin ] --START--
INFO: Run Behavior\ReadHtmlCacheBehavior [ RunTime:0.000783s ]
INFO: [ app_begin ] --END-- [ RunTime:0.001512s ]
SQL: SHOW COLUMNS FROM `tp_user` [ RunTime:0.0162s ]
SQL: SELECT * FROM `tp_user` WHERE `user_name` = 'susu' AND `user_pwd` = '4297f44b13955235245b2497399d7a93' LIMIT 1   [ RunTime:0.0008s ]

[ 2017-06-10T20:12:29+08:00 ] 127.0.0.1 /index.php/Home/login/login
INFO: [ app_begin ] --START--
INFO: Run Behavior\ReadHtmlCacheBehavior [ RunTime:0.000830s ]
INFO: [ app_begin ] --END-- [ RunTime:0.001583s ]
SQL: SHOW COLUMNS FROM `tp_user` [ RunTime:0.0163s ]
SQL: SELECT * FROM `tp_user` WHERE `user_name` = 'susu' AND `user_pwd` = '4297f44b13955235245b2497399d7a93' LIMIT 1   [ RunTime:0.0006s ]

[ 2017-06-10T21:06:33+08:00 ] 127.0.0.1 /index.php/Home/order/orderBuy.html
ERR: 1054:Unknown column 'uid' in 'where clause'
 [ SQL语句 ] : SELECT * FROM `tp_location` WHERE ( uid=4 ) 

[ 2017-06-10T21:12:00+08:00 ] 127.0.0.1 /index.php/Home/order/orderList
ERR: 非法操作:orderList

[ 2017-06-10T21:50:42+08:00 ] 127.0.0.1 /index.php/Home/order/orderList/order_id/11.html
ERR: 非法操作:orderList

[ 2017-06-10T23:14:19+08:00 ] 127.0.0.1 /index.php/Home/login/login
INFO: [ app_begin ] --START--
INFO: Run Behavior\ReadHtmlCacheBehavior [ RunTime:0.001178s ]
INFO: [ app_begin ] --END-- [ RunTime:0.002105s ]
SQL: SHOW COLUMNS FROM `tp_user` [ RunTime:0.0658s ]
SQL: SELECT * FROM `tp_user` WHERE `user_name` = 'susu' AND `user_pwd` = '4297f44b13955235245b2497399d7a93' LIMIT 1   [ RunTime:0.0007s ]

[ 2017-06-10T23:16:35+08:00 ] 127.0.0.1 /index.php/Home/login/login
INFO: [ app_begin ] --START--
INFO: Run Behavior\ReadHtmlCacheBehavior [ RunTime:0.000764s ]
INFO: [ app_begin ] --END-- [ RunTime:0.001444s ]
SQL: SHOW COLUMNS FROM `tp_user` [ RunTime:0.0051s ]
SQL: SELECT * FROM `tp_user` WHERE `user_name` = 'susu' AND `user_pwd` = '4297f44b13955235245b2497399d7a93' LIMIT 1   [ RunTime:0.0006s ]

