[ 2017-06-09T10:28:17+08:00 ] 127.0.0.1 /index.php/Home/Cart/cartDel
INFO: [ app_begin ] --START--
INFO: Run Behavior\ReadHtmlCacheBehavior [ RunTime:0.000952s ]
INFO: [ app_begin ] --END-- [ RunTime:0.001717s ]
SQL: SHOW COLUMNS FROM `tp_cart` [ RunTime:0.0058s ]

[ 2017-06-09T10:35:03+08:00 ] 127.0.0.1 /index.php/Home/Cart/cartDel
INFO: [ app_begin ] --START--
INFO: Run Behavior\ReadHtmlCacheBehavior [ RunTime:0.001561s ]
INFO: [ app_begin ] --END-- [ RunTime:0.002553s ]
SQL: SHOW COLUMNS FROM `tp_cart` [ RunTime:0.0150s ]

[ 2017-06-09T10:36:21+08:00 ] 127.0.0.1 /index.php/Home/Cart/cartDel
INFO: [ app_begin ] --START--
INFO: Run Behavior\ReadHtmlCacheBehavior [ RunTime:0.000777s ]
INFO: [ app_begin ] --END-- [ RunTime:0.001463s ]
SQL: SHOW COLUMNS FROM `tp_cart` [ RunTime:0.0166s ]

[ 2017-06-09T10:37:32+08:00 ] 127.0.0.1 /index.php/Home/Cart/cartDel
INFO: [ app_begin ] --START--
INFO: Run Behavior\ReadHtmlCacheBehavior [ RunTime:0.001111s ]
INFO: [ app_begin ] --END-- [ RunTime:0.001930s ]
SQL: SHOW COLUMNS FROM `tp_cart` [ RunTime:0.0181s ]

[ 2017-06-09T10:39:07+08:00 ] 127.0.0.1 /index.php/Home/Cart/cartDel
INFO: [ app_begin ] --START--
INFO: Run Behavior\ReadHtmlCacheBehavior [ RunTime:0.001935s ]
INFO: [ app_begin ] --END-- [ RunTime:0.003293s ]
SQL: SHOW COLUMNS FROM `tp_cart` [ RunTime:0.0170s ]

[ 2017-06-09T14:41:48+08:00 ] 127.0.0.1 /index.php/Home/Cart/cartDel
INFO: [ app_begin ] --START--
INFO: Run Behavior\ReadHtmlCacheBehavior [ RunTime:0.000769s ]
INFO: [ app_begin ] --END-- [ RunTime:0.001435s ]
SQL: SHOW COLUMNS FROM `tp_cart` [ RunTime:0.0158s ]
NOTIC: [8] Undefined index: 32 E:\shop\Application\Home\Controller\CartController.class.php 第 116 行.

[ 2017-06-09T14:42:07+08:00 ] 127.0.0.1 /index.php/Home/Cart/cartDel
INFO: [ app_begin ] --START--
INFO: Run Behavior\ReadHtmlCacheBehavior [ RunTime:0.000998s ]
INFO: [ app_begin ] --END-- [ RunTime:0.001751s ]
SQL: SHOW COLUMNS FROM `tp_cart` [ RunTime:0.0160s ]
NOTIC: [8] Undefined index: 32 E:\shop\Application\Home\Controller\CartController.class.php 第 116 行.

[ 2017-06-09T14:42:33+08:00 ] 127.0.0.1 /index.php/Home/Cart/cartDel
INFO: [ app_begin ] --START--
INFO: Run Behavior\ReadHtmlCacheBehavior [ RunTime:0.001101s ]
INFO: [ app_begin ] --END-- [ RunTime:0.002120s ]
SQL: SHOW COLUMNS FROM `tp_cart` [ RunTime:0.0161s ]
NOTIC: [8] Undefined index: 32 E:\shop\Application\Home\Controller\CartController.class.php 第 116 行.

[ 2017-06-09T14:43:13+08:00 ] 127.0.0.1 /index.php/Home/Cart/cartDel
INFO: [ app_begin ] --START--
INFO: Run Behavior\ReadHtmlCacheBehavior [ RunTime:0.000835s ]
INFO: [ app_begin ] --END-- [ RunTime:0.001650s ]
SQL: SHOW COLUMNS FROM `tp_cart` [ RunTime:0.0162s ]
NOTIC: [8] Undefined index: 32 E:\shop\Application\Home\Controller\CartController.class.php 第 116 行.

[ 2017-06-09T14:43:55+08:00 ] 127.0.0.1 /index.php/Home/Cart/cartDel
INFO: [ app_begin ] --START--
INFO: Run Behavior\ReadHtmlCacheBehavior [ RunTime:0.000820s ]
INFO: [ app_begin ] --END-- [ RunTime:0.001555s ]
SQL: SHOW COLUMNS FROM `tp_cart` [ RunTime:0.0165s ]
NOTIC: [8] Undefined index: 19 E:\shop\Application\Home\Controller\CartController.class.php 第 116 行.

[ 2017-06-09T15:05:33+08:00 ] 127.0.0.1 /index.php/Home/Cart/cartUpdate
INFO: [ app_begin ] --START--
INFO: Run Behavior\ReadHtmlCacheBehavior [ RunTime:0.000933s ]
INFO: [ app_begin ] --END-- [ RunTime:0.001678s ]
SQL: SHOW COLUMNS FROM `tp_cart` [ RunTime:0.0156s ]

[ 2017-06-09T15:05:34+08:00 ] 127.0.0.1 /index.php/Home/Cart/cartUpdate
INFO: [ app_begin ] --START--
INFO: Run Behavior\ReadHtmlCacheBehavior [ RunTime:0.000976s ]
INFO: [ app_begin ] --END-- [ RunTime:0.001920s ]
SQL: SHOW COLUMNS FROM `tp_cart` [ RunTime:0.0159s ]

[ 2017-06-09T15:05:34+08:00 ] 127.0.0.1 /index.php/Home/Cart/cartUpdate
INFO: [ app_begin ] --START--
INFO: Run Behavior\ReadHtmlCacheBehavior [ RunTime:0.000937s ]
INFO: [ app_begin ] --END-- [ RunTime:0.001831s ]
SQL: SHOW COLUMNS FROM `tp_cart` [ RunTime:0.0113s ]

[ 2017-06-09T15:06:24+08:00 ] 127.0.0.1 /index.php/Home/Cart/cartUpdate
INFO: [ app_begin ] --START--
INFO: Run Behavior\ReadHtmlCacheBehavior [ RunTime:0.000753s ]
INFO: [ app_begin ] --END-- [ RunTime:0.001403s ]
SQL: SHOW COLUMNS FROM `tp_cart` [ RunTime:0.0152s ]

[ 2017-06-09T15:06:25+08:00 ] 127.0.0.1 /index.php/Home/Cart/cartUpdate
INFO: [ app_begin ] --START--
INFO: Run Behavior\ReadHtmlCacheBehavior [ RunTime:0.000952s ]
INFO: [ app_begin ] --END-- [ RunTime:0.001820s ]
SQL: SHOW COLUMNS FROM `tp_cart` [ RunTime:0.0162s ]

[ 2017-06-09T15:09:19+08:00 ] 127.0.0.1 /index.php/Home/Cart/cartUpdate
INFO: [ app_begin ] --START--
INFO: Run Behavior\ReadHtmlCacheBehavior [ RunTime:0.000923s ]
INFO: [ app_begin ] --END-- [ RunTime:0.001715s ]
SQL: SHOW COLUMNS FROM `tp_cart` [ RunTime:0.0157s ]

[ 2017-06-09T15:09:20+08:00 ] 127.0.0.1 /index.php/Home/Cart/cartUpdate
INFO: [ app_begin ] --START--
INFO: Run Behavior\ReadHtmlCacheBehavior [ RunTime:0.000776s ]
INFO: [ app_begin ] --END-- [ RunTime:0.001459s ]
SQL: SHOW COLUMNS FROM `tp_cart` [ RunTime:0.0146s ]

[ 2017-06-09T15:09:47+08:00 ] 127.0.0.1 /index.php/Home/Cart/cartUpdate
INFO: [ app_begin ] --START--
INFO: Run Behavior\ReadHtmlCacheBehavior [ RunTime:0.001543s ]
INFO: [ app_begin ] --END-- [ RunTime:0.002943s ]
SQL: SHOW COLUMNS FROM `tp_cart` [ RunTime:0.0180s ]

[ 2017-06-09T15:09:47+08:00 ] 127.0.0.1 /index.php/Home/Cart/cartUpdate
INFO: [ app_begin ] --START--
INFO: Run Behavior\ReadHtmlCacheBehavior [ RunTime:0.000752s ]
INFO: [ app_begin ] --END-- [ RunTime:0.001398s ]
SQL: SHOW COLUMNS FROM `tp_cart` [ RunTime:0.0159s ]

[ 2017-06-09T15:09:56+08:00 ] 127.0.0.1 /index.php/Home/Cart/cartUpdate
INFO: [ app_begin ] --START--
INFO: Run Behavior\ReadHtmlCacheBehavior [ RunTime:0.000779s ]
INFO: [ app_begin ] --END-- [ RunTime:0.001441s ]
SQL: SHOW COLUMNS FROM `tp_cart` [ RunTime:0.0156s ]

[ 2017-06-09T15:09:56+08:00 ] 127.0.0.1 /index.php/Home/Cart/cartUpdate
INFO: [ app_begin ] --START--
INFO: Run Behavior\ReadHtmlCacheBehavior [ RunTime:0.001276s ]
INFO: [ app_begin ] --END-- [ RunTime:0.002356s ]
SQL: SHOW COLUMNS FROM `tp_cart` [ RunTime:0.0145s ]

[ 2017-06-09T15:09:56+08:00 ] 127.0.0.1 /index.php/Home/Cart/cartUpdate
INFO: [ app_begin ] --START--
INFO: Run Behavior\ReadHtmlCacheBehavior [ RunTime:0.000898s ]
INFO: [ app_begin ] --END-- [ RunTime:0.001688s ]
SQL: SHOW COLUMNS FROM `tp_cart` [ RunTime:0.0157s ]

[ 2017-06-09T15:10:15+08:00 ] 127.0.0.1 /index.php/Home/Cart/cartUpdate
INFO: [ app_begin ] --START--
INFO: Run Behavior\ReadHtmlCacheBehavior [ RunTime:0.000848s ]
INFO: [ app_begin ] --END-- [ RunTime:0.001563s ]
SQL: SHOW COLUMNS FROM `tp_cart` [ RunTime:0.0158s ]
INFO: [ app_end ] --START--
INFO: Run Behavior\ShowPageTraceBehavior [ RunTime:0.000998s ]
INFO: [ app_end ] --END-- [ RunTime:0.001149s ]

[ 2017-06-09T15:10:16+08:00 ] 127.0.0.1 /index.php/Home/Cart/cartUpdate
INFO: [ app_begin ] --START--
INFO: Run Behavior\ReadHtmlCacheBehavior [ RunTime:0.000828s ]
INFO: [ app_begin ] --END-- [ RunTime:0.001523s ]
SQL: SHOW COLUMNS FROM `tp_cart` [ RunTime:0.0156s ]
INFO: [ app_end ] --START--
INFO: Run Behavior\ShowPageTraceBehavior [ RunTime:0.000903s ]
INFO: [ app_end ] --END-- [ RunTime:0.001037s ]

[ 2017-06-09T15:10:20+08:00 ] 127.0.0.1 /index.php/Home/Cart/cartUpdate
INFO: [ app_begin ] --START--
INFO: Run Behavior\ReadHtmlCacheBehavior [ RunTime:0.000976s ]
INFO: [ app_begin ] --END-- [ RunTime:0.001887s ]
SQL: SHOW COLUMNS FROM `tp_cart` [ RunTime:0.0164s ]
INFO: [ app_end ] --START--
INFO: Run Behavior\ShowPageTraceBehavior [ RunTime:0.000935s ]
INFO: [ app_end ] --END-- [ RunTime:0.001069s ]

[ 2017-06-09T15:10:21+08:00 ] 127.0.0.1 /index.php/Home/Cart/cartUpdate
INFO: [ app_begin ] --START--
INFO: Run Behavior\ReadHtmlCacheBehavior [ RunTime:0.000899s ]
INFO: [ app_begin ] --END-- [ RunTime:0.001677s ]
SQL: SHOW COLUMNS FROM `tp_cart` [ RunTime:0.0160s ]
INFO: [ app_end ] --START--
INFO: Run Behavior\ShowPageTraceBehavior [ RunTime:0.000973s ]
INFO: [ app_end ] --END-- [ RunTime:0.001120s ]

[ 2017-06-09T15:10:24+08:00 ] 127.0.0.1 /index.php/Home/Cart/cartUpdate
INFO: [ app_begin ] --START--
INFO: Run Behavior\ReadHtmlCacheBehavior [ RunTime:0.001045s ]
INFO: [ app_begin ] --END-- [ RunTime:0.002534s ]
SQL: SHOW COLUMNS FROM `tp_cart` [ RunTime:0.0158s ]
INFO: [ app_end ] --START--
INFO: Run Behavior\ShowPageTraceBehavior [ RunTime:0.000918s ]
INFO: [ app_end ] --END-- [ RunTime:0.001054s ]

[ 2017-06-09T15:10:25+08:00 ] 127.0.0.1 /index.php/Home/Cart/cartUpdate
INFO: [ app_begin ] --START--
INFO: Run Behavior\ReadHtmlCacheBehavior [ RunTime:0.000797s ]
INFO: [ app_begin ] --END-- [ RunTime:0.001492s ]
SQL: SHOW COLUMNS FROM `tp_cart` [ RunTime:0.0168s ]
INFO: [ app_end ] --START--
INFO: Run Behavior\ShowPageTraceBehavior [ RunTime:0.001011s ]
INFO: [ app_end ] --END-- [ RunTime:0.001194s ]

[ 2017-06-09T15:10:28+08:00 ] 127.0.0.1 /index.php/Home/Cart/cartUpdate
INFO: [ app_begin ] --START--
INFO: Run Behavior\ReadHtmlCacheBehavior [ RunTime:0.000831s ]
INFO: [ app_begin ] --END-- [ RunTime:0.001552s ]
SQL: SHOW COLUMNS FROM `tp_cart` [ RunTime:0.0159s ]
INFO: [ app_end ] --START--
INFO: Run Behavior\ShowPageTraceBehavior [ RunTime:0.000898s ]
INFO: [ app_end ] --END-- [ RunTime:0.001031s ]

[ 2017-06-09T15:10:29+08:00 ] 127.0.0.1 /index.php/Home/Cart/cartUpdate
INFO: [ app_begin ] --START--
INFO: Run Behavior\ReadHtmlCacheBehavior [ RunTime:0.000878s ]
INFO: [ app_begin ] --END-- [ RunTime:0.001639s ]
SQL: SHOW COLUMNS FROM `tp_cart` [ RunTime:0.0159s ]
INFO: [ app_end ] --START--
INFO: Run Behavior\ShowPageTraceBehavior [ RunTime:0.000962s ]
INFO: [ app_end ] --END-- [ RunTime:0.001092s ]

[ 2017-06-09T15:12:37+08:00 ] 127.0.0.1 /index.php/Home/login/user.html
ERR: 非法操作:user

[ 2017-06-09T15:12:43+08:00 ] 127.0.0.1 /index.php/Home/login/user.html
ERR: 非法操作:user

[ 2017-06-09T15:13:06+08:00 ] 127.0.0.1 /index.php/Home/Cart/cartUpdate
INFO: [ app_begin ] --START--
INFO: Run Behavior\ReadHtmlCacheBehavior [ RunTime:0.000896s ]
INFO: [ app_begin ] --END-- [ RunTime:0.001629s ]
SQL: SHOW COLUMNS FROM `tp_cart` [ RunTime:0.0365s ]
NOTIC: [2] Invalid argument supplied for foreach() E:\shop\ThinkPHP\Library\Think\Model.class.php 第 267 行.
NOTIC: [2] Invalid argument supplied for foreach() E:\shop\ThinkPHP\Library\Think\Db\Driver.class.php 第 372 行.
NOTIC: [8] Undefined variable: set E:\shop\ThinkPHP\Library\Think\Db\Driver.class.php 第 387 行.
NOTIC: [2] implode() [<a href='function.implode'>function.implode</a>]: Invalid arguments passed E:\shop\ThinkPHP\Library\Think\Db\Driver.class.php 第 387 行.
ERR: 1064:You have an error in your SQL syntax; check the manual that corresponds to your MySQL server version for the right syntax to use near 'WHERE `goods_id` = '5'' at line 1
 [ SQL语句 ] : UPDATE `tp_cart` SET  WHERE `goods_id` = '5'
ERR: 1064:You have an error in your SQL syntax; check the manual that corresponds to your MySQL server version for the right syntax to use near 'WHERE `goods_id` = '5'' at line 1
 [ SQL语句 ] : UPDATE `tp_cart` SET  WHERE `goods_id` = '5'

[ 2017-06-09T15:13:07+08:00 ] 127.0.0.1 /index.php/Home/Cart/cartUpdate
INFO: [ app_begin ] --START--
INFO: Run Behavior\ReadHtmlCacheBehavior [ RunTime:0.000780s ]
INFO: [ app_begin ] --END-- [ RunTime:0.001459s ]
SQL: SHOW COLUMNS FROM `tp_cart` [ RunTime:0.0157s ]
NOTIC: [2] Invalid argument supplied for foreach() E:\shop\ThinkPHP\Library\Think\Model.class.php 第 267 行.
NOTIC: [2] Invalid argument supplied for foreach() E:\shop\ThinkPHP\Library\Think\Db\Driver.class.php 第 372 行.
NOTIC: [8] Undefined variable: set E:\shop\ThinkPHP\Library\Think\Db\Driver.class.php 第 387 行.
NOTIC: [2] implode() [<a href='function.implode'>function.implode</a>]: Invalid arguments passed E:\shop\ThinkPHP\Library\Think\Db\Driver.class.php 第 387 行.
ERR: 1064:You have an error in your SQL syntax; check the manual that corresponds to your MySQL server version for the right syntax to use near 'WHERE `goods_id` = '5'' at line 1
 [ SQL语句 ] : UPDATE `tp_cart` SET  WHERE `goods_id` = '5'
ERR: 1064:You have an error in your SQL syntax; check the manual that corresponds to your MySQL server version for the right syntax to use near 'WHERE `goods_id` = '5'' at line 1
 [ SQL语句 ] : UPDATE `tp_cart` SET  WHERE `goods_id` = '5'

[ 2017-06-09T15:14:18+08:00 ] 127.0.0.1 /index.php/Home/Cart/cartUpdate
INFO: [ app_begin ] --START--
INFO: Run Behavior\ReadHtmlCacheBehavior [ RunTime:0.001103s ]
INFO: [ app_begin ] --END-- [ RunTime:0.002080s ]
SQL: SHOW COLUMNS FROM `tp_cart` [ RunTime:0.0175s ]
NOTIC: [2] Invalid argument supplied for foreach() E:\shop\ThinkPHP\Library\Think\Model.class.php 第 267 行.
NOTIC: [2] Invalid argument supplied for foreach() E:\shop\ThinkPHP\Library\Think\Db\Driver.class.php 第 372 行.
NOTIC: [8] Undefined variable: set E:\shop\ThinkPHP\Library\Think\Db\Driver.class.php 第 387 行.
NOTIC: [2] implode() [<a href='function.implode'>function.implode</a>]: Invalid arguments passed E:\shop\ThinkPHP\Library\Think\Db\Driver.class.php 第 387 行.
ERR: 1064:You have an error in your SQL syntax; check the manual that corresponds to your MySQL server version for the right syntax to use near 'WHERE `goods_id` = '5'' at line 1
 [ SQL语句 ] : UPDATE `tp_cart` SET  WHERE `goods_id` = '5'
ERR: 1064:You have an error in your SQL syntax; check the manual that corresponds to your MySQL server version for the right syntax to use near 'WHERE `goods_id` = '5'' at line 1
 [ SQL语句 ] : UPDATE `tp_cart` SET  WHERE `goods_id` = '5'

[ 2017-06-09T15:14:18+08:00 ] 127.0.0.1 /index.php/Home/Cart/cartUpdate
INFO: [ app_begin ] --START--
INFO: Run Behavior\ReadHtmlCacheBehavior [ RunTime:0.001171s ]
INFO: [ app_begin ] --END-- [ RunTime:0.002257s ]
SQL: SHOW COLUMNS FROM `tp_cart` [ RunTime:0.0159s ]
NOTIC: [2] Invalid argument supplied for foreach() E:\shop\ThinkPHP\Library\Think\Model.class.php 第 267 行.
NOTIC: [2] Invalid argument supplied for foreach() E:\shop\ThinkPHP\Library\Think\Db\Driver.class.php 第 372 行.
NOTIC: [8] Undefined variable: set E:\shop\ThinkPHP\Library\Think\Db\Driver.class.php 第 387 行.
NOTIC: [2] implode() [<a href='function.implode'>function.implode</a>]: Invalid arguments passed E:\shop\ThinkPHP\Library\Think\Db\Driver.class.php 第 387 行.
ERR: 1064:You have an error in your SQL syntax; check the manual that corresponds to your MySQL server version for the right syntax to use near 'WHERE `goods_id` = '5'' at line 1
 [ SQL语句 ] : UPDATE `tp_cart` SET  WHERE `goods_id` = '5'
ERR: 1064:You have an error in your SQL syntax; check the manual that corresponds to your MySQL server version for the right syntax to use near 'WHERE `goods_id` = '5'' at line 1
 [ SQL语句 ] : UPDATE `tp_cart` SET  WHERE `goods_id` = '5'

[ 2017-06-09T15:14:56+08:00 ] 127.0.0.1 /index.php/Home/Cart/cartUpdate
INFO: [ app_begin ] --START--
INFO: Run Behavior\ReadHtmlCacheBehavior [ RunTime:0.000951s ]
INFO: [ app_begin ] --END-- [ RunTime:0.001726s ]
SQL: SHOW COLUMNS FROM `tp_cart` [ RunTime:0.0160s ]
SQL: UPDATE `tp_cart` SET `number`='2' WHERE `goods_id` = '5' [ RunTime:0.0005s ]
INFO: [ app_end ] --START--
INFO: Run Behavior\ShowPageTraceBehavior [ RunTime:0.001082s ]
INFO: [ app_end ] --END-- [ RunTime:0.001220s ]

[ 2017-06-09T15:14:56+08:00 ] 127.0.0.1 /index.php/Home/Cart/cartUpdate
INFO: [ app_begin ] --START--
INFO: Run Behavior\ReadHtmlCacheBehavior [ RunTime:0.001337s ]
INFO: [ app_begin ] --END-- [ RunTime:0.005101s ]
SQL: SHOW COLUMNS FROM `tp_cart` [ RunTime:0.0136s ]
SQL: UPDATE `tp_cart` SET `number`='3' WHERE `goods_id` = '5' [ RunTime:0.0004s ]
INFO: [ app_end ] --START--
INFO: Run Behavior\ShowPageTraceBehavior [ RunTime:0.000953s ]
INFO: [ app_end ] --END-- [ RunTime:0.001111s ]

[ 2017-06-09T15:15:02+08:00 ] 127.0.0.1 /index.php/Home/Cart/cartUpdate
INFO: [ app_begin ] --START--
INFO: Run Behavior\ReadHtmlCacheBehavior [ RunTime:0.001190s ]
INFO: [ app_begin ] --END-- [ RunTime:0.003165s ]
SQL: SHOW COLUMNS FROM `tp_cart` [ RunTime:0.0503s ]
SQL: UPDATE `tp_cart` SET `number`='2' WHERE `goods_id` = '32' [ RunTime:0.0011s ]
INFO: [ app_end ] --START--
INFO: Run Behavior\ShowPageTraceBehavior [ RunTime:0.002041s ]
INFO: [ app_end ] --END-- [ RunTime:0.002332s ]

[ 2017-06-09T15:15:03+08:00 ] 127.0.0.1 /index.php/Home/Cart/cartUpdate
INFO: [ app_begin ] --START--
INFO: Run Behavior\ReadHtmlCacheBehavior [ RunTime:0.000972s ]
INFO: [ app_begin ] --END-- [ RunTime:0.001698s ]
SQL: SHOW COLUMNS FROM `tp_cart` [ RunTime:0.0199s ]
SQL: UPDATE `tp_cart` SET `number`='3' WHERE `goods_id` = '32' [ RunTime:0.0012s ]
INFO: [ app_end ] --START--
INFO: Run Behavior\ShowPageTraceBehavior [ RunTime:0.001135s ]
INFO: [ app_end ] --END-- [ RunTime:0.001282s ]

[ 2017-06-09T15:21:29+08:00 ] 127.0.0.1 /index.php/Home/Cart/cartDel
INFO: [ app_begin ] --START--
INFO: Run Behavior\ReadHtmlCacheBehavior [ RunTime:0.000901s ]
INFO: [ app_begin ] --END-- [ RunTime:0.001600s ]
SQL: SHOW COLUMNS FROM `tp_cart` [ RunTime:0.0138s ]
SQL: DELETE FROM `tp_cart` WHERE `id` = 5 [ RunTime:0.0684s ]

[ 2017-06-09T17:19:24+08:00 ] 127.0.0.1 /index.php/Home/Cart/cartUpdate
INFO: [ app_begin ] --START--
INFO: Run Behavior\ReadHtmlCacheBehavior [ RunTime:0.004543s ]
INFO: [ app_begin ] --END-- [ RunTime:0.008039s ]
SQL: SHOW COLUMNS FROM `tp_cart` [ RunTime:0.0160s ]
INFO: [ app_end ] --START--
INFO: Run Behavior\ShowPageTraceBehavior [ RunTime:0.001180s ]
INFO: [ app_end ] --END-- [ RunTime:0.001332s ]

[ 2017-06-09T17:19:24+08:00 ] 127.0.0.1 /index.php/Home/Cart/cartUpdate
INFO: [ app_begin ] --START--
INFO: Run Behavior\ReadHtmlCacheBehavior [ RunTime:0.000912s ]
INFO: [ app_begin ] --END-- [ RunTime:0.001655s ]
SQL: SHOW COLUMNS FROM `tp_cart` [ RunTime:0.0044s ]
INFO: [ app_end ] --START--
INFO: Run Behavior\ShowPageTraceBehavior [ RunTime:0.001045s ]
INFO: [ app_end ] --END-- [ RunTime:0.001291s ]

[ 2017-06-09T17:19:24+08:00 ] 127.0.0.1 /index.php/Home/Cart/cartUpdate
INFO: [ app_begin ] --START--
INFO: Run Behavior\ReadHtmlCacheBehavior [ RunTime:0.001203s ]
INFO: [ app_begin ] --END-- [ RunTime:0.001975s ]
SQL: SHOW COLUMNS FROM `tp_cart` [ RunTime:0.0053s ]
INFO: [ app_end ] --START--
INFO: Run Behavior\ShowPageTraceBehavior [ RunTime:0.001061s ]
INFO: [ app_end ] --END-- [ RunTime:0.001213s ]

[ 2017-06-09T17:19:24+08:00 ] 127.0.0.1 /index.php/Home/Cart/cartUpdate
INFO: [ app_begin ] --START--
INFO: Run Behavior\ReadHtmlCacheBehavior [ RunTime:0.000800s ]
INFO: [ app_begin ] --END-- [ RunTime:0.001479s ]
SQL: SHOW COLUMNS FROM `tp_cart` [ RunTime:0.0064s ]
INFO: [ app_end ] --START--
INFO: Run Behavior\ShowPageTraceBehavior [ RunTime:0.000941s ]
INFO: [ app_end ] --END-- [ RunTime:0.001209s ]

[ 2017-06-09T17:19:25+08:00 ] 127.0.0.1 /index.php/Home/Cart/cartUpdate
INFO: [ app_begin ] --START--
INFO: Run Behavior\ReadHtmlCacheBehavior [ RunTime:0.000893s ]
INFO: [ app_begin ] --END-- [ RunTime:0.001678s ]
SQL: SHOW COLUMNS FROM `tp_cart` [ RunTime:0.0047s ]
INFO: [ app_end ] --START--
INFO: Run Behavior\ShowPageTraceBehavior [ RunTime:0.001452s ]
INFO: [ app_end ] --END-- [ RunTime:0.001623s ]

[ 2017-06-09T17:19:25+08:00 ] 127.0.0.1 /index.php/Home/Cart/cartUpdate
INFO: [ app_begin ] --START--
INFO: Run Behavior\ReadHtmlCacheBehavior [ RunTime:0.000997s ]
INFO: [ app_begin ] --END-- [ RunTime:0.002118s ]
SQL: SHOW COLUMNS FROM `tp_cart` [ RunTime:0.0045s ]
INFO: [ app_end ] --START--
INFO: Run Behavior\ShowPageTraceBehavior [ RunTime:0.000994s ]
INFO: [ app_end ] --END-- [ RunTime:0.001163s ]

[ 2017-06-09T17:19:26+08:00 ] 127.0.0.1 /index.php/Home/Cart/cartUpdate
INFO: [ app_begin ] --START--
INFO: Run Behavior\ReadHtmlCacheBehavior [ RunTime:0.000929s ]
INFO: [ app_begin ] --END-- [ RunTime:0.001663s ]
SQL: SHOW COLUMNS FROM `tp_cart` [ RunTime:0.0787s ]
INFO: [ app_end ] --START--
INFO: Run Behavior\ShowPageTraceBehavior [ RunTime:0.002577s ]
INFO: [ app_end ] --END-- [ RunTime:0.002964s ]

[ 2017-06-09T17:19:26+08:00 ] 127.0.0.1 /index.php/Home/Cart/cartUpdate
INFO: [ app_begin ] --START--
INFO: Run Behavior\ReadHtmlCacheBehavior [ RunTime:0.001587s ]
INFO: [ app_begin ] --END-- [ RunTime:0.002823s ]
SQL: SHOW COLUMNS FROM `tp_cart` [ RunTime:0.0195s ]
INFO: [ app_end ] --START--
INFO: Run Behavior\ShowPageTraceBehavior [ RunTime:0.002270s ]
INFO: [ app_end ] --END-- [ RunTime:0.002705s ]

[ 2017-06-09T17:19:26+08:00 ] 127.0.0.1 /index.php/Home/Cart/cartUpdate
INFO: [ app_begin ] --START--
INFO: Run Behavior\ReadHtmlCacheBehavior [ RunTime:0.000797s ]
INFO: [ app_begin ] --END-- [ RunTime:0.001462s ]
SQL: SHOW COLUMNS FROM `tp_cart` [ RunTime:0.0126s ]
INFO: [ app_end ] --START--
INFO: Run Behavior\ShowPageTraceBehavior [ RunTime:0.001066s ]
INFO: [ app_end ] --END-- [ RunTime:0.001221s ]

[ 2017-06-09T17:19:27+08:00 ] 127.0.0.1 /index.php/Home/Cart/cartUpdate
INFO: [ app_begin ] --START--
INFO: Run Behavior\ReadHtmlCacheBehavior [ RunTime:0.001030s ]
INFO: [ app_begin ] --END-- [ RunTime:0.002169s ]
SQL: SHOW COLUMNS FROM `tp_cart` [ RunTime:0.0054s ]
INFO: [ app_end ] --START--
INFO: Run Behavior\ShowPageTraceBehavior [ RunTime:0.000992s ]
INFO: [ app_end ] --END-- [ RunTime:0.001139s ]

[ 2017-06-09T17:19:27+08:00 ] 127.0.0.1 /index.php/Home/Cart/cartUpdate
INFO: [ app_begin ] --START--
INFO: Run Behavior\ReadHtmlCacheBehavior [ RunTime:0.000832s ]
INFO: [ app_begin ] --END-- [ RunTime:0.001564s ]
SQL: SHOW COLUMNS FROM `tp_cart` [ RunTime:0.0048s ]
INFO: [ app_end ] --START--
INFO: Run Behavior\ShowPageTraceBehavior [ RunTime:0.001047s ]
INFO: [ app_end ] --END-- [ RunTime:0.001204s ]

[ 2017-06-09T17:19:27+08:00 ] 127.0.0.1 /index.php/Home/Cart/cartUpdate
INFO: [ app_begin ] --START--
INFO: Run Behavior\ReadHtmlCacheBehavior [ RunTime:0.000767s ]
INFO: [ app_begin ] --END-- [ RunTime:0.001424s ]
SQL: SHOW COLUMNS FROM `tp_cart` [ RunTime:0.0050s ]
INFO: [ app_end ] --START--
INFO: Run Behavior\ShowPageTraceBehavior [ RunTime:0.001037s ]
INFO: [ app_end ] --END-- [ RunTime:0.001185s ]

[ 2017-06-09T17:19:27+08:00 ] 127.0.0.1 /index.php/Home/Cart/cartUpdate
INFO: [ app_begin ] --START--
INFO: Run Behavior\ReadHtmlCacheBehavior [ RunTime:0.000847s ]
INFO: [ app_begin ] --END-- [ RunTime:0.001674s ]
SQL: SHOW COLUMNS FROM `tp_cart` [ RunTime:0.0049s ]
INFO: [ app_end ] --START--
INFO: Run Behavior\ShowPageTraceBehavior [ RunTime:0.000987s ]
INFO: [ app_end ] --END-- [ RunTime:0.001148s ]

[ 2017-06-09T17:19:28+08:00 ] 127.0.0.1 /index.php/Home/Cart/cartUpdate
INFO: [ app_begin ] --START--
INFO: Run Behavior\ReadHtmlCacheBehavior [ RunTime:0.000966s ]
INFO: [ app_begin ] --END-- [ RunTime:0.001769s ]
SQL: SHOW COLUMNS FROM `tp_cart` [ RunTime:0.0062s ]
INFO: [ app_end ] --START--
INFO: Run Behavior\ShowPageTraceBehavior [ RunTime:0.000981s ]
INFO: [ app_end ] --END-- [ RunTime:0.001127s ]

[ 2017-06-09T17:19:30+08:00 ] 127.0.0.1 /index.php/Home/Cart/cartUpdate
INFO: [ app_begin ] --START--
INFO: Run Behavior\ReadHtmlCacheBehavior [ RunTime:0.001102s ]
INFO: [ app_begin ] --END-- [ RunTime:0.002094s ]
SQL: SHOW COLUMNS FROM `tp_cart` [ RunTime:0.0049s ]
INFO: [ app_end ] --START--
INFO: Run Behavior\ShowPageTraceBehavior [ RunTime:0.001025s ]
INFO: [ app_end ] --END-- [ RunTime:0.001176s ]

[ 2017-06-09T17:19:30+08:00 ] 127.0.0.1 /index.php/Home/Cart/cartUpdate
INFO: [ app_begin ] --START--
INFO: Run Behavior\ReadHtmlCacheBehavior [ RunTime:0.000862s ]
INFO: [ app_begin ] --END-- [ RunTime:0.001629s ]
SQL: SHOW COLUMNS FROM `tp_cart` [ RunTime:0.0045s ]
INFO: [ app_end ] --START--
INFO: Run Behavior\ShowPageTraceBehavior [ RunTime:0.000960s ]
INFO: [ app_end ] --END-- [ RunTime:0.001105s ]

[ 2017-06-09T17:19:30+08:00 ] 127.0.0.1 /index.php/Home/Cart/cartUpdate
INFO: [ app_begin ] --START--
INFO: Run Behavior\ReadHtmlCacheBehavior [ RunTime:0.000789s ]
INFO: [ app_begin ] --END-- [ RunTime:0.001435s ]
SQL: SHOW COLUMNS FROM `tp_cart` [ RunTime:0.0044s ]
INFO: [ app_end ] --START--
INFO: Run Behavior\ShowPageTraceBehavior [ RunTime:0.001041s ]
INFO: [ app_end ] --END-- [ RunTime:0.001199s ]

[ 2017-06-09T17:19:30+08:00 ] 127.0.0.1 /index.php/Home/Cart/cartUpdate
INFO: [ app_begin ] --START--
INFO: Run Behavior\ReadHtmlCacheBehavior [ RunTime:0.000898s ]
INFO: [ app_begin ] --END-- [ RunTime:0.001866s ]
SQL: SHOW COLUMNS FROM `tp_cart` [ RunTime:0.0046s ]
INFO: [ app_end ] --START--
INFO: Run Behavior\ShowPageTraceBehavior [ RunTime:0.001217s ]
INFO: [ app_end ] --END-- [ RunTime:0.001391s ]

[ 2017-06-09T17:19:31+08:00 ] 127.0.0.1 /index.php/Home/Cart/cartUpdate
INFO: [ app_begin ] --START--
INFO: Run Behavior\ReadHtmlCacheBehavior [ RunTime:0.000845s ]
INFO: [ app_begin ] --END-- [ RunTime:0.001992s ]
SQL: SHOW COLUMNS FROM `tp_cart` [ RunTime:0.0044s ]
INFO: [ app_end ] --START--
INFO: Run Behavior\ShowPageTraceBehavior [ RunTime:0.001039s ]
INFO: [ app_end ] --END-- [ RunTime:0.001190s ]

[ 2017-06-09T17:19:31+08:00 ] 127.0.0.1 /index.php/Home/Cart/cartUpdate
INFO: [ app_begin ] --START--
INFO: Run Behavior\ReadHtmlCacheBehavior [ RunTime:0.000861s ]
INFO: [ app_begin ] --END-- [ RunTime:0.001599s ]
SQL: SHOW COLUMNS FROM `tp_cart` [ RunTime:0.0048s ]
INFO: [ app_end ] --START--
INFO: Run Behavior\ShowPageTraceBehavior [ RunTime:0.000988s ]
INFO: [ app_end ] --END-- [ RunTime:0.001179s ]

[ 2017-06-09T17:19:32+08:00 ] 127.0.0.1 /index.php/Home/Cart/cartUpdate
INFO: [ app_begin ] --START--
INFO: Run Behavior\ReadHtmlCacheBehavior [ RunTime:0.001002s ]
INFO: [ app_begin ] --END-- [ RunTime:0.001859s ]
SQL: SHOW COLUMNS FROM `tp_cart` [ RunTime:0.0053s ]
INFO: [ app_end ] --START--
INFO: Run Behavior\ShowPageTraceBehavior [ RunTime:0.001025s ]
INFO: [ app_end ] --END-- [ RunTime:0.001177s ]

[ 2017-06-09T17:19:32+08:00 ] 127.0.0.1 /index.php/Home/Cart/cartUpdate
INFO: [ app_begin ] --START--
INFO: Run Behavior\ReadHtmlCacheBehavior [ RunTime:0.000759s ]
INFO: [ app_begin ] --END-- [ RunTime:0.001442s ]
SQL: SHOW COLUMNS FROM `tp_cart` [ RunTime:0.0050s ]
INFO: [ app_end ] --START--
INFO: Run Behavior\ShowPageTraceBehavior [ RunTime:0.000998s ]
INFO: [ app_end ] --END-- [ RunTime:0.001138s ]

[ 2017-06-09T17:19:32+08:00 ] 127.0.0.1 /index.php/Home/Cart/cartUpdate
INFO: [ app_begin ] --START--
INFO: Run Behavior\ReadHtmlCacheBehavior [ RunTime:0.000899s ]
INFO: [ app_begin ] --END-- [ RunTime:0.001673s ]
SQL: SHOW COLUMNS FROM `tp_cart` [ RunTime:0.0251s ]
INFO: [ app_end ] --START--
INFO: Run Behavior\ShowPageTraceBehavior [ RunTime:0.009125s ]
INFO: [ app_end ] --END-- [ RunTime:0.009302s ]

[ 2017-06-09T17:19:32+08:00 ] 127.0.0.1 /index.php/Home/Cart/cartUpdate
INFO: [ app_begin ] --START--
INFO: Run Behavior\ReadHtmlCacheBehavior [ RunTime:0.000805s ]
INFO: [ app_begin ] --END-- [ RunTime:0.001683s ]
SQL: SHOW COLUMNS FROM `tp_cart` [ RunTime:0.0043s ]
INFO: [ app_end ] --START--
INFO: Run Behavior\ShowPageTraceBehavior [ RunTime:0.000927s ]
INFO: [ app_end ] --END-- [ RunTime:0.001070s ]

[ 2017-06-09T17:20:42+08:00 ] 127.0.0.1 /index.php/Home/Cart/cartUpdate
INFO: [ app_begin ] --START--
INFO: Run Behavior\ReadHtmlCacheBehavior [ RunTime:0.000808s ]
INFO: [ app_begin ] --END-- [ RunTime:0.001520s ]
SQL: SHOW COLUMNS FROM `tp_cart` [ RunTime:0.0053s ]
INFO: [ app_end ] --START--
INFO: Run Behavior\ShowPageTraceBehavior [ RunTime:0.000933s ]
INFO: [ app_end ] --END-- [ RunTime:0.001075s ]

[ 2017-06-09T17:20:43+08:00 ] 127.0.0.1 /index.php/Home/Cart/cartUpdate
INFO: [ app_begin ] --START--
INFO: Run Behavior\ReadHtmlCacheBehavior [ RunTime:0.000860s ]
INFO: [ app_begin ] --END-- [ RunTime:0.001545s ]
SQL: SHOW COLUMNS FROM `tp_cart` [ RunTime:0.0044s ]
INFO: [ app_end ] --START--
INFO: Run Behavior\ShowPageTraceBehavior [ RunTime:0.001308s ]
INFO: [ app_end ] --END-- [ RunTime:0.001475s ]

[ 2017-06-09T17:20:43+08:00 ] 127.0.0.1 /index.php/Home/Cart/cartUpdate
INFO: [ app_begin ] --START--
INFO: Run Behavior\ReadHtmlCacheBehavior [ RunTime:0.001097s ]
INFO: [ app_begin ] --END-- [ RunTime:0.002064s ]
SQL: SHOW COLUMNS FROM `tp_cart` [ RunTime:0.0044s ]
INFO: [ app_end ] --START--
INFO: Run Behavior\ShowPageTraceBehavior [ RunTime:0.000935s ]
INFO: [ app_end ] --END-- [ RunTime:0.001076s ]

[ 2017-06-09T17:20:43+08:00 ] 127.0.0.1 /index.php/Home/Cart/cartUpdate
INFO: [ app_begin ] --START--
INFO: Run Behavior\ReadHtmlCacheBehavior [ RunTime:0.000894s ]
INFO: [ app_begin ] --END-- [ RunTime:0.001675s ]
SQL: SHOW COLUMNS FROM `tp_cart` [ RunTime:0.0047s ]
INFO: [ app_end ] --START--
INFO: Run Behavior\ShowPageTraceBehavior [ RunTime:0.000956s ]
INFO: [ app_end ] --END-- [ RunTime:0.001099s ]

[ 2017-06-09T17:20:44+08:00 ] 127.0.0.1 /index.php/Home/Cart/cartUpdate
INFO: [ app_begin ] --START--
INFO: Run Behavior\ReadHtmlCacheBehavior [ RunTime:0.001582s ]
INFO: [ app_begin ] --END-- [ RunTime:0.003376s ]
SQL: SHOW COLUMNS FROM `tp_cart` [ RunTime:0.0137s ]
INFO: [ app_end ] --START--
INFO: Run Behavior\ShowPageTraceBehavior [ RunTime:0.004764s ]
INFO: [ app_end ] --END-- [ RunTime:0.005759s ]

[ 2017-06-09T17:20:44+08:00 ] 127.0.0.1 /index.php/Home/Cart/cartUpdate
INFO: [ app_begin ] --START--
INFO: Run Behavior\ReadHtmlCacheBehavior [ RunTime:0.002211s ]
INFO: [ app_begin ] --END-- [ RunTime:0.003656s ]
SQL: SHOW COLUMNS FROM `tp_cart` [ RunTime:0.0174s ]
INFO: [ app_end ] --START--
INFO: Run Behavior\ShowPageTraceBehavior [ RunTime:0.001012s ]
INFO: [ app_end ] --END-- [ RunTime:0.001160s ]

[ 2017-06-09T17:20:44+08:00 ] 127.0.0.1 /index.php/Home/Cart/cartUpdate
INFO: [ app_begin ] --START--
INFO: Run Behavior\ReadHtmlCacheBehavior [ RunTime:0.001051s ]
INFO: [ app_begin ] --END-- [ RunTime:0.001989s ]
SQL: SHOW COLUMNS FROM `tp_cart` [ RunTime:0.0050s ]
INFO: [ app_end ] --START--
INFO: Run Behavior\ShowPageTraceBehavior [ RunTime:0.006306s ]
INFO: [ app_end ] --END-- [ RunTime:0.006471s ]

[ 2017-06-09T17:20:44+08:00 ] 127.0.0.1 /index.php/Home/Cart/cartUpdate
INFO: [ app_begin ] --START--
INFO: Run Behavior\ReadHtmlCacheBehavior [ RunTime:0.000760s ]
INFO: [ app_begin ] --END-- [ RunTime:0.001424s ]
SQL: SHOW COLUMNS FROM `tp_cart` [ RunTime:0.0045s ]
INFO: [ app_end ] --START--
INFO: Run Behavior\ShowPageTraceBehavior [ RunTime:0.000956s ]
INFO: [ app_end ] --END-- [ RunTime:0.001104s ]

[ 2017-06-09T17:20:44+08:00 ] 127.0.0.1 /index.php/Home/Cart/cartUpdate
INFO: [ app_begin ] --START--
INFO: Run Behavior\ReadHtmlCacheBehavior [ RunTime:0.000816s ]
INFO: [ app_begin ] --END-- [ RunTime:0.001503s ]
SQL: SHOW COLUMNS FROM `tp_cart` [ RunTime:0.0051s ]
INFO: [ app_end ] --START--
INFO: Run Behavior\ShowPageTraceBehavior [ RunTime:0.000953s ]
INFO: [ app_end ] --END-- [ RunTime:0.001095s ]

[ 2017-06-09T17:20:45+08:00 ] 127.0.0.1 /index.php/Home/Cart/cartUpdate
INFO: [ app_begin ] --START--
INFO: Run Behavior\ReadHtmlCacheBehavior [ RunTime:0.000967s ]
INFO: [ app_begin ] --END-- [ RunTime:0.001872s ]
SQL: SHOW COLUMNS FROM `tp_cart` [ RunTime:0.0047s ]
INFO: [ app_end ] --START--
INFO: Run Behavior\ShowPageTraceBehavior [ RunTime:0.001042s ]
INFO: [ app_end ] --END-- [ RunTime:0.001195s ]

[ 2017-06-09T17:20:45+08:00 ] 127.0.0.1 /index.php/Home/Cart/cartUpdate
INFO: [ app_begin ] --START--
INFO: Run Behavior\ReadHtmlCacheBehavior [ RunTime:0.000922s ]
INFO: [ app_begin ] --END-- [ RunTime:0.001871s ]
SQL: SHOW COLUMNS FROM `tp_cart` [ RunTime:0.0046s ]
INFO: [ app_end ] --START--
INFO: Run Behavior\ShowPageTraceBehavior [ RunTime:0.001320s ]
INFO: [ app_end ] --END-- [ RunTime:0.001475s ]

[ 2017-06-09T17:20:46+08:00 ] 127.0.0.1 /index.php/Home/Cart/cartUpdate
INFO: [ app_begin ] --START--
INFO: Run Behavior\ReadHtmlCacheBehavior [ RunTime:0.000808s ]
INFO: [ app_begin ] --END-- [ RunTime:0.001531s ]
SQL: SHOW COLUMNS FROM `tp_cart` [ RunTime:0.0045s ]
INFO: [ app_end ] --START--
INFO: Run Behavior\ShowPageTraceBehavior [ RunTime:0.000960s ]
INFO: [ app_end ] --END-- [ RunTime:0.001110s ]

[ 2017-06-09T17:20:46+08:00 ] 127.0.0.1 /index.php/Home/Cart/cartUpdate
INFO: [ app_begin ] --START--
INFO: Run Behavior\ReadHtmlCacheBehavior [ RunTime:0.001398s ]
INFO: [ app_begin ] --END-- [ RunTime:0.002398s ]
SQL: SHOW COLUMNS FROM `tp_cart` [ RunTime:0.0082s ]
INFO: [ app_end ] --START--
INFO: Run Behavior\ShowPageTraceBehavior [ RunTime:0.006430s ]
INFO: [ app_end ] --END-- [ RunTime:0.007134s ]

[ 2017-06-09T17:20:46+08:00 ] 127.0.0.1 /index.php/Home/Cart/cartUpdate
INFO: [ app_begin ] --START--
INFO: Run Behavior\ReadHtmlCacheBehavior [ RunTime:0.001323s ]
INFO: [ app_begin ] --END-- [ RunTime:0.002654s ]
SQL: SHOW COLUMNS FROM `tp_cart` [ RunTime:0.0136s ]
INFO: [ app_end ] --START--
INFO: Run Behavior\ShowPageTraceBehavior [ RunTime:0.001033s ]
INFO: [ app_end ] --END-- [ RunTime:0.001225s ]

[ 2017-06-09T17:20:46+08:00 ] 127.0.0.1 /index.php/Home/Cart/cartUpdate
INFO: [ app_begin ] --START--
INFO: Run Behavior\ReadHtmlCacheBehavior [ RunTime:0.003315s ]
INFO: [ app_begin ] --END-- [ RunTime:0.010303s ]
SQL: SHOW COLUMNS FROM `tp_cart` [ RunTime:0.0044s ]
INFO: [ app_end ] --START--
INFO: Run Behavior\ShowPageTraceBehavior [ RunTime:0.000930s ]
INFO: [ app_end ] --END-- [ RunTime:0.001073s ]

[ 2017-06-09T17:20:46+08:00 ] 127.0.0.1 /index.php/Home/Cart/cartUpdate
INFO: [ app_begin ] --START--
INFO: Run Behavior\ReadHtmlCacheBehavior [ RunTime:0.001602s ]
INFO: [ app_begin ] --END-- [ RunTime:0.002591s ]
SQL: SHOW COLUMNS FROM `tp_cart` [ RunTime:0.0049s ]
INFO: [ app_end ] --START--
INFO: Run Behavior\ShowPageTraceBehavior [ RunTime:0.001034s ]
INFO: [ app_end ] --END-- [ RunTime:0.001182s ]

[ 2017-06-09T17:20:49+08:00 ] 127.0.0.1 /index.php/Home/Cart/cartUpdate
INFO: [ app_begin ] --START--
INFO: Run Behavior\ReadHtmlCacheBehavior [ RunTime:0.000926s ]
INFO: [ app_begin ] --END-- [ RunTime:0.001734s ]
SQL: SHOW COLUMNS FROM `tp_cart` [ RunTime:0.0043s ]
INFO: [ app_end ] --START--
INFO: Run Behavior\ShowPageTraceBehavior [ RunTime:0.000970s ]
INFO: [ app_end ] --END-- [ RunTime:0.001122s ]

[ 2017-06-09T17:20:50+08:00 ] 127.0.0.1 /index.php/Home/Cart/cartUpdate
INFO: [ app_begin ] --START--
INFO: Run Behavior\ReadHtmlCacheBehavior [ RunTime:0.001100s ]
INFO: [ app_begin ] --END-- [ RunTime:0.002061s ]
SQL: SHOW COLUMNS FROM `tp_cart` [ RunTime:0.0048s ]
INFO: [ app_end ] --START--
INFO: Run Behavior\ShowPageTraceBehavior [ RunTime:0.000938s ]
INFO: [ app_end ] --END-- [ RunTime:0.001089s ]

[ 2017-06-09T17:20:51+08:00 ] 127.0.0.1 /index.php/Home/Cart/cartUpdate
INFO: [ app_begin ] --START--
INFO: Run Behavior\ReadHtmlCacheBehavior [ RunTime:0.000846s ]
INFO: [ app_begin ] --END-- [ RunTime:0.001544s ]
SQL: SHOW COLUMNS FROM `tp_cart` [ RunTime:0.0043s ]
INFO: [ app_end ] --START--
INFO: Run Behavior\ShowPageTraceBehavior [ RunTime:0.000964s ]
INFO: [ app_end ] --END-- [ RunTime:0.001114s ]

[ 2017-06-09T17:20:51+08:00 ] 127.0.0.1 /index.php/Home/Cart/cartUpdate
INFO: [ app_begin ] --START--
INFO: Run Behavior\ReadHtmlCacheBehavior [ RunTime:0.000840s ]
INFO: [ app_begin ] --END-- [ RunTime:0.001640s ]
SQL: SHOW COLUMNS FROM `tp_cart` [ RunTime:0.0097s ]
INFO: [ app_end ] --START--
INFO: Run Behavior\ShowPageTraceBehavior [ RunTime:0.001991s ]
INFO: [ app_end ] --END-- [ RunTime:0.002310s ]

[ 2017-06-09T17:20:52+08:00 ] 127.0.0.1 /index.php/Home/Cart/cartUpdate
INFO: [ app_begin ] --START--
INFO: Run Behavior\ReadHtmlCacheBehavior [ RunTime:0.000998s ]
INFO: [ app_begin ] --END-- [ RunTime:0.001879s ]
SQL: SHOW COLUMNS FROM `tp_cart` [ RunTime:0.0047s ]
INFO: [ app_end ] --START--
INFO: Run Behavior\ShowPageTraceBehavior [ RunTime:0.001066s ]
INFO: [ app_end ] --END-- [ RunTime:0.001216s ]

[ 2017-06-09T17:20:52+08:00 ] 127.0.0.1 /index.php/Home/Cart/cartUpdate
INFO: [ app_begin ] --START--
INFO: Run Behavior\ReadHtmlCacheBehavior [ RunTime:0.000771s ]
INFO: [ app_begin ] --END-- [ RunTime:0.001454s ]
SQL: SHOW COLUMNS FROM `tp_cart` [ RunTime:0.0055s ]
INFO: [ app_end ] --START--
INFO: Run Behavior\ShowPageTraceBehavior [ RunTime:0.001027s ]
INFO: [ app_end ] --END-- [ RunTime:0.001179s ]

[ 2017-06-09T17:20:52+08:00 ] 127.0.0.1 /index.php/Home/Cart/cartUpdate
INFO: [ app_begin ] --START--
INFO: Run Behavior\ReadHtmlCacheBehavior [ RunTime:0.000769s ]
INFO: [ app_begin ] --END-- [ RunTime:0.001427s ]
SQL: SHOW COLUMNS FROM `tp_cart` [ RunTime:0.0046s ]
INFO: [ app_end ] --START--
INFO: Run Behavior\ShowPageTraceBehavior [ RunTime:0.001066s ]
INFO: [ app_end ] --END-- [ RunTime:0.001217s ]

[ 2017-06-09T17:20:54+08:00 ] 127.0.0.1 /index.php/Home/Cart/cartUpdate
INFO: [ app_begin ] --START--
INFO: Run Behavior\ReadHtmlCacheBehavior [ RunTime:0.003711s ]
INFO: [ app_begin ] --END-- [ RunTime:0.006100s ]
SQL: SHOW COLUMNS FROM `tp_cart` [ RunTime:0.0125s ]
INFO: [ app_end ] --START--
INFO: Run Behavior\ShowPageTraceBehavior [ RunTime:0.000976s ]
INFO: [ app_end ] --END-- [ RunTime:0.001121s ]

[ 2017-06-09T17:20:54+08:00 ] 127.0.0.1 /index.php/Home/Cart/cartUpdate
INFO: [ app_begin ] --START--
INFO: Run Behavior\ReadHtmlCacheBehavior [ RunTime:0.002014s ]
INFO: [ app_begin ] --END-- [ RunTime:0.003675s ]
SQL: SHOW COLUMNS FROM `tp_cart` [ RunTime:0.0047s ]
INFO: [ app_end ] --START--
INFO: Run Behavior\ShowPageTraceBehavior [ RunTime:0.001199s ]
INFO: [ app_end ] --END-- [ RunTime:0.001377s ]

[ 2017-06-09T17:20:54+08:00 ] 127.0.0.1 /index.php/Home/Cart/cartUpdate
INFO: [ app_begin ] --START--
INFO: Run Behavior\ReadHtmlCacheBehavior [ RunTime:0.001134s ]
INFO: [ app_begin ] --END-- [ RunTime:0.002058s ]
SQL: SHOW COLUMNS FROM `tp_cart` [ RunTime:0.0046s ]
INFO: [ app_end ] --START--
INFO: Run Behavior\ShowPageTraceBehavior [ RunTime:0.000914s ]
INFO: [ app_end ] --END-- [ RunTime:0.001060s ]

[ 2017-06-09T17:20:54+08:00 ] 127.0.0.1 /index.php/Home/Cart/cartUpdate
INFO: [ app_begin ] --START--
INFO: Run Behavior\ReadHtmlCacheBehavior [ RunTime:0.000808s ]
INFO: [ app_begin ] --END-- [ RunTime:0.001672s ]
SQL: SHOW COLUMNS FROM `tp_cart` [ RunTime:0.0047s ]
INFO: [ app_end ] --START--
INFO: Run Behavior\ShowPageTraceBehavior [ RunTime:0.001020s ]
INFO: [ app_end ] --END-- [ RunTime:0.001166s ]

[ 2017-06-09T17:20:54+08:00 ] 127.0.0.1 /index.php/Home/Cart/cartUpdate
INFO: [ app_begin ] --START--
INFO: Run Behavior\ReadHtmlCacheBehavior [ RunTime:0.001066s ]
INFO: [ app_begin ] --END-- [ RunTime:0.001848s ]
SQL: SHOW COLUMNS FROM `tp_cart` [ RunTime:0.0045s ]
INFO: [ app_end ] --START--
INFO: Run Behavior\ShowPageTraceBehavior [ RunTime:0.001093s ]
INFO: [ app_end ] --END-- [ RunTime:0.001247s ]

