[ 2017-06-16T22:33:03+08:00 ] 127.0.0.1 /index.php/Home/login/sendcode.html
INFO: [ app_begin ] --START--
INFO: Run Behavior\ReadHtmlCacheBehavior [ RunTime:0.000865s ]
INFO: [ app_begin ] --END-- [ RunTime:0.001616s ]
SQL: SHOW COLUMNS FROM `tp_user` [ RunTime:0.0105s ]
ERR: 非法操作:sendcode

[ 2017-06-16T22:33:24+08:00 ] 127.0.0.1 /index.php/Home/login/sendcode.html
INFO: [ app_begin ] --START--
INFO: Run Behavior\ReadHtmlCacheBehavior [ RunTime:0.000753s ]
INFO: [ app_begin ] --END-- [ RunTime:0.001371s ]
SQL: SHOW COLUMNS FROM `tp_user` [ RunTime:0.0104s ]
ERR: 非法操作:sendcode

[ 2017-06-16T22:33:55+08:00 ] 127.0.0.1 /index.php/Home/login/sendcode.html
INFO: [ app_begin ] --START--
INFO: Run Behavior\ReadHtmlCacheBehavior [ RunTime:0.000883s ]
INFO: [ app_begin ] --END-- [ RunTime:0.001598s ]
SQL: SHOW COLUMNS FROM `tp_user` [ RunTime:0.0104s ]
ERR: 非法操作:sendcode

[ 2017-06-16T22:36:34+08:00 ] 127.0.0.1 /index.php/Home/login/sendcode.html
INFO: [ app_begin ] --START--
INFO: Run Behavior\ReadHtmlCacheBehavior [ RunTime:0.001744s ]
INFO: [ app_begin ] --END-- [ RunTime:0.002644s ]
SQL: SHOW COLUMNS FROM `tp_user` [ RunTime:0.0105s ]
ERR: 非法操作:sendcode

[ 2017-06-16T22:37:40+08:00 ] 127.0.0.1 /index.php/Home/login/sendcode.html
INFO: [ app_begin ] --START--
INFO: Run Behavior\ReadHtmlCacheBehavior [ RunTime:0.000823s ]
INFO: [ app_begin ] --END-- [ RunTime:0.001510s ]
SQL: SHOW COLUMNS FROM `tp_user` [ RunTime:0.0118s ]
ERR: 非法操作:sendcode

[ 2017-06-16T22:47:52+08:00 ] 127.0.0.1 /index.php/Home/login/sendCode.html
INFO: [ app_begin ] --START--
INFO: Run Behavior\ReadHtmlCacheBehavior [ RunTime:0.000767s ]
INFO: [ app_begin ] --END-- [ RunTime:0.001497s ]
SQL: SHOW COLUMNS FROM `tp_user` [ RunTime:0.0102s ]

