[ 2017-06-26T11:32:24+08:00 ] 127.0.0.1 /Admin/Goods/getAttr
INFO: [ app_begin ] --START--
INFO: Run Behavior\ReadHtmlCacheBehavior [ RunTime:0.001000s ]
INFO: [ app_begin ] --END-- [ RunTime:0.002001s ]
SQL: SHOW COLUMNS FROM `tp_cate` [ RunTime:0.0300s ]
SQL: SHOW COLUMNS FROM `tp_attribute` [ RunTime:0.0300s ]
SQL: SHOW COLUMNS FROM `tp_goodsattr` [ RunTime:0.0320s ]
SQL: SHOW COLUMNS FROM `tp_brand` [ RunTime:0.0300s ]
SQL: SELECT * FROM `tp_brand` WHERE ( cate_id=2 )  [ RunTime:0.0300s ]
SQL: SELECT * FROM `tp_attribute` WHERE ( cate_id=2 )  [ RunTime:0.0310s ]
SQL: SELECT * FROM `tp_goodsattr` WHERE ( goods_id=5 )  [ RunTime:0.0310s ]

[ 2017-06-26T11:32:30+08:00 ] 127.0.0.1 /Admin/Goods/getAttr
INFO: [ app_begin ] --START--
INFO: Run Behavior\ReadHtmlCacheBehavior [ RunTime:0.002000s ]
INFO: [ app_begin ] --END-- [ RunTime:0.002000s ]
SQL: SHOW COLUMNS FROM `tp_cate` [ RunTime:0.0290s ]
SQL: SHOW COLUMNS FROM `tp_attribute` [ RunTime:0.0290s ]
SQL: SHOW COLUMNS FROM `tp_goodsattr` [ RunTime:0.0280s ]
SQL: SHOW COLUMNS FROM `tp_brand` [ RunTime:0.0290s ]
SQL: SELECT * FROM `tp_brand` WHERE ( cate_id=1 )  [ RunTime:0.0290s ]
SQL: SELECT * FROM `tp_attribute` WHERE ( cate_id=1 )  [ RunTime:0.0290s ]
SQL: SELECT * FROM `tp_goodsattr` WHERE ( goods_id=5 )  [ RunTime:0.0280s ]

[ 2017-06-26T11:32:32+08:00 ] 127.0.0.1 /Admin/Goods/getAttr
INFO: [ app_begin ] --START--
INFO: Run Behavior\ReadHtmlCacheBehavior [ RunTime:0.001001s ]
INFO: [ app_begin ] --END-- [ RunTime:0.002001s ]
SQL: SHOW COLUMNS FROM `tp_cate` [ RunTime:0.0300s ]
SQL: SHOW COLUMNS FROM `tp_attribute` [ RunTime:0.0310s ]
SQL: SHOW COLUMNS FROM `tp_goodsattr` [ RunTime:0.0310s ]
SQL: SHOW COLUMNS FROM `tp_brand` [ RunTime:0.0310s ]
SQL: SELECT * FROM `tp_brand` WHERE ( cate_id=4 )  [ RunTime:0.0310s ]
SQL: SELECT * FROM `tp_attribute` WHERE ( cate_id=4 )  [ RunTime:0.0320s ]
SQL: SELECT * FROM `tp_goodsattr` WHERE ( goods_id=5 )  [ RunTime:0.0300s ]

[ 2017-06-26T11:32:40+08:00 ] 127.0.0.1 /Admin/Goods/getAttr
INFO: [ app_begin ] --START--
INFO: Run Behavior\ReadHtmlCacheBehavior [ RunTime:0.001000s ]
INFO: [ app_begin ] --END-- [ RunTime:0.002000s ]
SQL: SHOW COLUMNS FROM `tp_cate` [ RunTime:0.0320s ]
SQL: SHOW COLUMNS FROM `tp_attribute` [ RunTime:0.0300s ]
SQL: SHOW COLUMNS FROM `tp_goodsattr` [ RunTime:0.0320s ]
SQL: SHOW COLUMNS FROM `tp_brand` [ RunTime:0.0300s ]
SQL: SELECT * FROM `tp_brand` WHERE ( cate_id=2 )  [ RunTime:0.0300s ]
SQL: SELECT * FROM `tp_attribute` WHERE ( cate_id=2 )  [ RunTime:0.0300s ]
SQL: SELECT * FROM `tp_goodsattr` WHERE ( goods_id=7 )  [ RunTime:0.0330s ]

[ 2017-06-26T11:32:55+08:00 ] 127.0.0.1 /Admin/Goods/getAttr
INFO: [ app_begin ] --START--
INFO: Run Behavior\ReadHtmlCacheBehavior [ RunTime:0.001000s ]
INFO: [ app_begin ] --END-- [ RunTime:0.002000s ]
SQL: SHOW COLUMNS FROM `tp_cate` [ RunTime:0.0300s ]
SQL: SHOW COLUMNS FROM `tp_attribute` [ RunTime:0.0300s ]
SQL: SHOW COLUMNS FROM `tp_goodsattr` [ RunTime:0.0300s ]
SQL: SHOW COLUMNS FROM `tp_brand` [ RunTime:0.0300s ]
SQL: SELECT * FROM `tp_brand` WHERE ( cate_id=3 )  [ RunTime:0.0290s ]
SQL: SELECT * FROM `tp_attribute` WHERE ( cate_id=3 )  [ RunTime:0.0290s ]
SQL: SELECT * FROM `tp_goodsattr` WHERE ( goods_id=31 )  [ RunTime:0.0290s ]

[ 2017-06-26T11:33:22+08:00 ] 127.0.0.1 /Admin/Goods/getAttr
INFO: [ app_begin ] --START--
INFO: Run Behavior\ReadHtmlCacheBehavior [ RunTime:0.000000s ]
INFO: [ app_begin ] --END-- [ RunTime:0.001000s ]
SQL: SHOW COLUMNS FROM `tp_cate` [ RunTime:0.0290s ]
SQL: SHOW COLUMNS FROM `tp_attribute` [ RunTime:0.0290s ]
SQL: SHOW COLUMNS FROM `tp_goodsattr` [ RunTime:0.0290s ]
SQL: SHOW COLUMNS FROM `tp_brand` [ RunTime:0.0280s ]
SQL: SELECT * FROM `tp_brand` WHERE ( cate_id=2 )  [ RunTime:0.0280s ]
SQL: SELECT * FROM `tp_attribute` WHERE ( cate_id=2 )  [ RunTime:0.0290s ]
SQL: SELECT * FROM `tp_goodsattr` WHERE ( goods_id=10 )  [ RunTime:0.0290s ]

