[ 2017-06-03T11:41:56+08:00 ] 127.0.0.1 /index.php/Admin/goodsPic/id.html
ERR: 无法加载控制器:GoodsPic

[ 2017-06-03T11:42:15+08:00 ] 127.0.0.1 /index.php/Admin/goodsPic/id.html
ERR: 无法加载控制器:GoodsPic

[ 2017-06-03T11:50:47+08:00 ] 127.0.0.1 /index.php/Admin/Goods/goodsPic/id/1
ERR: 1062:Duplicate entry '0' for key 'PRIMARY'
 [ SQL语句 ] : INSERT INTO `tp_pic` (`pic_big`,`pic_small`,`id`) VALUES ('2017-06-03/59323216eca74.jpg','2017-06-03/thump_59323216eca74.jpg','0'),('2017-06-03/59323216eebdb.jpg','2017-06-03/thump_59323216eebdb.jpg','0')

[ 2017-06-03T11:51:23+08:00 ] 127.0.0.1 /index.php/Admin/Goods/goodsPic/id/1
ERR: 1062:Duplicate entry '0' for key 'PRIMARY'
 [ SQL语句 ] : INSERT INTO `tp_pic` (`pic_big`,`pic_small`,`goods_id`) VALUES ('2017-06-03/5932323aa62f2.jpg','2017-06-03/thump_5932323aa62f2.jpg','0'),('2017-06-03/5932323aa84b7.jpg','2017-06-03/thump_5932323aa84b7.jpg','0')

[ 2017-06-03T11:52:20+08:00 ] 127.0.0.1 /index.php/admin/goods/goodsPic/id.html
ERR: 1064:You have an error in your SQL syntax; check the manual that corresponds to your MySQL server version for the right syntax to use near ') LIMIT 1' at line 1
 [ SQL语句 ] : SELECT * FROM `tp_pic` WHERE ( goods_id= ) LIMIT 1  

[ 2017-06-03T11:53:18+08:00 ] 127.0.0.1 /index.php/admin/goods/goodsPic/id.html
ERR: 1064:You have an error in your SQL syntax; check the manual that corresponds to your MySQL server version for the right syntax to use near ')' at line 1
 [ SQL语句 ] : SELECT * FROM `tp_pic` WHERE ( goods_id= ) 

[ 2017-06-03T11:53:46+08:00 ] 127.0.0.1 /index.php/admin/goods/goodsPic/id.html
ERR: 1064:You have an error in your SQL syntax; check the manual that corresponds to your MySQL server version for the right syntax to use near ')' at line 1
 [ SQL语句 ] : SELECT * FROM `tp_pic` WHERE ( goods_id= ) 

[ 2017-06-03T12:01:09+08:00 ] 127.0.0.1 /index.php/admin/goods/goodsPic.html
ERR: 1064:You have an error in your SQL syntax; check the manual that corresponds to your MySQL server version for the right syntax to use near ')' at line 1
 [ SQL语句 ] : SELECT * FROM `tp_pic` WHERE ( goods_id= ) 

[ 2017-06-03T12:06:32+08:00 ] 127.0.0.1 /index.php/Admin/Goods/goodsPic/id/2
ERR: 1136:Column count doesn't match value count at row 1
 [ SQL语句 ] : INSERT INTO `tp_pic` (`pic_big`,`pic_small`,`goods_id`) VALUES (),('2017-06-03/593235c7bcf06.jpg','2017-06-03/thump_593235c7bcf06.jpg','2'),('2017-06-03/593235c7bf57c.jpg','2017-06-03/thump_593235c7bf57c.jpg','2')

[ 2017-06-03T14:31:22+08:00 ] 127.0.0.1 /index.php/Admin/Goods/goodsPic/id/3
ERR: 1136:Column count doesn't match value count at row 1
 [ SQL语句 ] : INSERT INTO `tp_pic` (`pic_big`,`pic_small`,`goods_id`) VALUES (),('2017-06-03/593257b96652c.jpg','2017-06-03/thump_593257b96652c.jpg','3'),('2017-06-03/593257b96a20f.jpg','2017-06-03/thump_593257b96a20f.jpg','3')

[ 2017-06-03T14:58:12+08:00 ] 127.0.0.1 /index.php/Admin/Goods/goodsDel
INFO: [ app_begin ] --START--
INFO: Run Behavior\ReadHtmlCacheBehavior [ RunTime:0.001196s ]
INFO: [ app_begin ] --END-- [ RunTime:0.001985s ]
SQL: SHOW COLUMNS FROM `tp_goods` [ RunTime:0.0045s ]
SQL: SELECT * FROM `tp_goods` WHERE ( id=2 ) LIMIT 1   [ RunTime:0.0006s ]
SQL: UPDATE `tp_goods` SET `goods_name`='苹果（APPLE）iPhone 4',`goods_number`='0',`goods_count`='32',`brand_id`='6',`goods_weight`='0',`goods_addtime`='1496319163',`goods_click`='0',`goods_mprice`=NULL,`goods_price`='2232.00',`goods_status`='0',`goods_sort`='1',`goods_description`=NULL,`goods_updatetime`='0',`goods_bigpic`=NULL,`goods_smallpic`=NULL WHERE `id` = 2 [ RunTime:0.0463s ]

[ 2017-06-03T14:58:13+08:00 ] 127.0.0.1 /index.php/Admin/Goods/goodsDel
INFO: [ app_begin ] --START--
INFO: Run Behavior\ReadHtmlCacheBehavior [ RunTime:0.001259s ]
INFO: [ app_begin ] --END-- [ RunTime:0.002145s ]
SQL: SHOW COLUMNS FROM `tp_goods` [ RunTime:0.0045s ]
SQL: SELECT * FROM `tp_goods` WHERE ( id=3 ) LIMIT 1   [ RunTime:0.0005s ]
SQL: UPDATE `tp_goods` SET `goods_name`='	苹果（APPLE）iPhone 4 8G版',`goods_number`='0',`goods_count`='34',`brand_id`='7',`goods_weight`='0',`goods_addtime`='1496319163',`goods_click`='0',`goods_mprice`=NULL,`goods_price`='334.00',`goods_status`='1',`goods_sort`='1',`goods_description`=NULL,`goods_updatetime`='0',`goods_bigpic`=NULL,`goods_smallpic`=NULL WHERE `id` = 3 [ RunTime:0.0006s ]

[ 2017-06-03T14:58:16+08:00 ] 127.0.0.1 /index.php/Admin/Goods/goodsDel
INFO: [ app_begin ] --START--
INFO: Run Behavior\ReadHtmlCacheBehavior [ RunTime:0.001244s ]
INFO: [ app_begin ] --END-- [ RunTime:0.002023s ]
SQL: SHOW COLUMNS FROM `tp_goods` [ RunTime:0.0044s ]
SQL: SELECT * FROM `tp_goods` WHERE ( id=4 ) LIMIT 1   [ RunTime:0.0005s ]
SQL: UPDATE `tp_goods` SET `goods_name`='苹果（APPLE）iPhone 4S 16G版',`goods_number`='0',`goods_count`='443',`brand_id`='8',`goods_weight`='0',`goods_addtime`='1496319163',`goods_click`='0',`goods_mprice`=NULL,`goods_price`='111223.00',`goods_status`='0',`goods_sort`='1',`goods_description`=NULL,`goods_updatetime`='0',`goods_bigpic`=NULL,`goods_smallpic`=NULL WHERE `id` = 4 [ RunTime:0.0005s ]

[ 2017-06-03T14:58:18+08:00 ] 127.0.0.1 /index.php/Admin/Goods/goodsDel
INFO: [ app_begin ] --START--
INFO: Run Behavior\ReadHtmlCacheBehavior [ RunTime:0.001241s ]
INFO: [ app_begin ] --END-- [ RunTime:0.002069s ]
SQL: SHOW COLUMNS FROM `tp_goods` [ RunTime:0.0051s ]
SQL: SELECT * FROM `tp_goods` WHERE ( id=5 ) LIMIT 1   [ RunTime:0.0006s ]
SQL: UPDATE `tp_goods` SET `goods_name`='驱蚊花露水',`goods_number`='eck10092009201',`goods_count`='123',`brand_id`='3',`goods_weight`='109',`goods_addtime`='1496321746',`goods_click`='0',`goods_mprice`=NULL,`goods_price`='16.00',`goods_status`='1',`goods_sort`='11',`goods_description`='好用的驱蚊花露水，谁用谁知道！！！！',`goods_updatetime`='0',`goods_bigpic`=NULL,`goods_smallpic`=NULL WHERE `id` = 5 [ RunTime:0.0406s ]

[ 2017-06-03T14:58:21+08:00 ] 127.0.0.1 /index.php/Admin/Goods/goodsDel
INFO: [ app_begin ] --START--
INFO: Run Behavior\ReadHtmlCacheBehavior [ RunTime:0.001242s ]
INFO: [ app_begin ] --END-- [ RunTime:0.002009s ]
SQL: SHOW COLUMNS FROM `tp_goods` [ RunTime:0.0062s ]
SQL: SELECT * FROM `tp_goods` WHERE ( id=10 ) LIMIT 1   [ RunTime:0.0005s ]
SQL: UPDATE `tp_goods` SET `goods_name`='电动车啊',`goods_number`='eee1231321',`goods_count`='123',`brand_id`='5',`goods_weight`='21121',`goods_addtime`='1496406760',`goods_click`='0',`goods_mprice`=NULL,`goods_price`='1223.00',`goods_status`='0',`goods_sort`='11',`goods_description`='',`goods_updatetime`='0',`goods_bigpic`='2017-06-02/59315ae8a8ca8.jpg',`goods_smallpic`='2017-06-02/thump_59315ae8a8ca8.jpg' WHERE `id` = 10 [ RunTime:0.0012s ]

[ 2017-06-03T14:58:26+08:00 ] 127.0.0.1 /index.php/Admin/Goods/goodsDel
INFO: [ app_begin ] --START--
INFO: Run Behavior\ReadHtmlCacheBehavior [ RunTime:0.001227s ]
INFO: [ app_begin ] --END-- [ RunTime:0.002104s ]
SQL: SHOW COLUMNS FROM `tp_goods` [ RunTime:0.0045s ]
SQL: SELECT * FROM `tp_goods` WHERE ( id=14 ) LIMIT 1   [ RunTime:0.0005s ]
SQL: UPDATE `tp_goods` SET `goods_name`='',`goods_number`='0',`goods_count`='0',`brand_id`=NULL,`goods_weight`='0',`goods_addtime`='0',`goods_click`='0',`goods_mprice`=NULL,`goods_price`=NULL,`goods_status`='0',`goods_sort`='1',`goods_description`=NULL,`goods_updatetime`='0',`goods_bigpic`=NULL,`goods_smallpic`=NULL WHERE `id` = 14 [ RunTime:0.0006s ]

[ 2017-06-03T14:58:28+08:00 ] 127.0.0.1 /index.php/Admin/Goods/goodsDel
INFO: [ app_begin ] --START--
INFO: Run Behavior\ReadHtmlCacheBehavior [ RunTime:0.001281s ]
INFO: [ app_begin ] --END-- [ RunTime:0.002149s ]
SQL: SHOW COLUMNS FROM `tp_goods` [ RunTime:0.0051s ]
SQL: SELECT * FROM `tp_goods` WHERE ( id=13 ) LIMIT 1   [ RunTime:0.0005s ]
SQL: UPDATE `tp_goods` SET `goods_name`='',`goods_number`='0',`goods_count`='0',`brand_id`=NULL,`goods_weight`='0',`goods_addtime`='0',`goods_click`='0',`goods_mprice`=NULL,`goods_price`=NULL,`goods_status`='0',`goods_sort`='1',`goods_description`=NULL,`goods_updatetime`='0',`goods_bigpic`=NULL,`goods_smallpic`=NULL WHERE `id` = 13 [ RunTime:0.0005s ]

[ 2017-06-03T14:58:28+08:00 ] 127.0.0.1 /index.php/Admin/Goods/goodsDel
INFO: [ app_begin ] --START--
INFO: Run Behavior\ReadHtmlCacheBehavior [ RunTime:0.001317s ]
INFO: [ app_begin ] --END-- [ RunTime:0.002231s ]
SQL: SHOW COLUMNS FROM `tp_goods` [ RunTime:0.0052s ]
SQL: SELECT * FROM `tp_goods` WHERE ( id=11 ) LIMIT 1   [ RunTime:0.0005s ]
SQL: UPDATE `tp_goods` SET `goods_name`='花露水',`goods_number`='11',`goods_count`='112',`brand_id`='3',`goods_weight`='11',`goods_addtime`='1496407174',`goods_click`='0',`goods_mprice`=NULL,`goods_price`='123.00',`goods_status`='0',`goods_sort`='11',`goods_description`=NULL,`goods_updatetime`='0',`goods_bigpic`='2017-06-02/59315c8685d7b.jpg',`goods_smallpic`='2017-06-02/thump_59315c8685d7b.jpg' WHERE `id` = 11 [ RunTime:0.0006s ]

[ 2017-06-03T15:45:07+08:00 ] 127.0.0.1 /index.php/Admin/Goods/picDel
INFO: [ app_begin ] --START--
INFO: Run Behavior\ReadHtmlCacheBehavior [ RunTime:0.001366s ]
INFO: [ app_begin ] --END-- [ RunTime:0.002195s ]
SQL: SHOW COLUMNS FROM `tp_pic` [ RunTime:0.0064s ]
SQL: SELECT * FROM `tp_pic` WHERE `id` = 19 LIMIT 1   [ RunTime:0.0005s ]
SQL: DELETE FROM `tp_pic` WHERE `id` = 19 [ RunTime:0.0107s ]

[ 2017-06-03T15:45:31+08:00 ] 127.0.0.1 /index.php/Admin/Goods/picDel
INFO: [ app_begin ] --START--
INFO: Run Behavior\ReadHtmlCacheBehavior [ RunTime:0.000962s ]
INFO: [ app_begin ] --END-- [ RunTime:0.001748s ]
SQL: SHOW COLUMNS FROM `tp_pic` [ RunTime:0.0048s ]
SQL: SELECT * FROM `tp_pic` WHERE `id` = 18 LIMIT 1   [ RunTime:0.0004s ]
SQL: DELETE FROM `tp_pic` WHERE `id` = 18 [ RunTime:0.0015s ]

[ 2017-06-03T15:45:36+08:00 ] 127.0.0.1 /index.php/Admin/Goods/picDel
INFO: [ app_begin ] --START--
INFO: Run Behavior\ReadHtmlCacheBehavior [ RunTime:0.000931s ]
INFO: [ app_begin ] --END-- [ RunTime:0.001631s ]
SQL: SHOW COLUMNS FROM `tp_pic` [ RunTime:0.0045s ]
SQL: SELECT * FROM `tp_pic` WHERE `id` = 21 LIMIT 1   [ RunTime:0.0004s ]
SQL: DELETE FROM `tp_pic` WHERE `id` = 21 [ RunTime:0.0016s ]

[ 2017-06-03T15:45:39+08:00 ] 127.0.0.1 /index.php/Admin/Goods/picDel
INFO: [ app_begin ] --START--
INFO: Run Behavior\ReadHtmlCacheBehavior [ RunTime:0.001322s ]
INFO: [ app_begin ] --END-- [ RunTime:0.002390s ]
SQL: SHOW COLUMNS FROM `tp_pic` [ RunTime:0.0049s ]
SQL: SELECT * FROM `tp_pic` WHERE `id` = 22 LIMIT 1   [ RunTime:0.0005s ]
SQL: DELETE FROM `tp_pic` WHERE `id` = 22 [ RunTime:0.0019s ]

[ 2017-06-03T15:46:19+08:00 ] 127.0.0.1 /index.php/Admin/Goods/goodsDel
INFO: [ app_begin ] --START--
INFO: Run Behavior\ReadHtmlCacheBehavior [ RunTime:0.000837s ]
INFO: [ app_begin ] --END-- [ RunTime:0.001676s ]
SQL: SHOW COLUMNS FROM `tp_goods` [ RunTime:0.0047s ]
SQL: SELECT * FROM `tp_goods` WHERE ( id=5 ) LIMIT 1   [ RunTime:0.0006s ]
SQL: UPDATE `tp_goods` SET `goods_name`='驱蚊花露水',`goods_number`='eck10092009201',`goods_count`='123',`brand_id`='3',`goods_weight`='109',`goods_addtime`='0000-00-00 00:00:00',`goods_click`='0',`goods_mprice`=NULL,`goods_price`='16.00',`goods_status`='0',`goods_sort`='11',`goods_description`='好用的驱蚊花露水，谁用谁知道！！！！',`goods_updatetime`='0',`goods_bigpic`=NULL,`goods_smallpic`=NULL WHERE `id` = 5 [ RunTime:0.0007s ]

[ 2017-06-03T15:46:20+08:00 ] 127.0.0.1 /index.php/Admin/Goods/goodsDel
INFO: [ app_begin ] --START--
INFO: Run Behavior\ReadHtmlCacheBehavior [ RunTime:0.001134s ]
INFO: [ app_begin ] --END-- [ RunTime:0.002084s ]
SQL: SHOW COLUMNS FROM `tp_goods` [ RunTime:0.0047s ]
SQL: SELECT * FROM `tp_goods` WHERE ( id=5 ) LIMIT 1   [ RunTime:0.0006s ]
SQL: UPDATE `tp_goods` SET `goods_name`='驱蚊花露水',`goods_number`='eck10092009201',`goods_count`='123',`brand_id`='3',`goods_weight`='109',`goods_addtime`='0000-00-00 00:00:00',`goods_click`='0',`goods_mprice`=NULL,`goods_price`='16.00',`goods_status`='1',`goods_sort`='11',`goods_description`='好用的驱蚊花露水，谁用谁知道！！！！',`goods_updatetime`='0',`goods_bigpic`=NULL,`goods_smallpic`=NULL WHERE `id` = 5 [ RunTime:0.0005s ]

[ 2017-06-03T15:46:21+08:00 ] 127.0.0.1 /index.php/Admin/Goods/goodsDel
INFO: [ app_begin ] --START--
INFO: Run Behavior\ReadHtmlCacheBehavior [ RunTime:0.000796s ]
INFO: [ app_begin ] --END-- [ RunTime:0.001608s ]
SQL: SHOW COLUMNS FROM `tp_goods` [ RunTime:0.0066s ]
SQL: SELECT * FROM `tp_goods` WHERE ( id=6 ) LIMIT 1   [ RunTime:0.0005s ]
SQL: UPDATE `tp_goods` SET `goods_name`='梦龙梦龙',`goods_number`='edkx001290021',`goods_count`='32',`brand_id`='2',`goods_weight`='12',`goods_addtime`='0000-00-00 00:00:00',`goods_click`='0',`goods_mprice`=NULL,`goods_price`='12.00',`goods_status`='1',`goods_sort`='12',`goods_description`='<p><span style=\"color:#e36c09;font-family:黑体, SimHei;font-size:24px\">这个是很好吃的哦</span></p>',`goods_updatetime`='1496330022',`goods_bigpic`=NULL,`goods_smallpic`=NULL WHERE `id` = 6 [ RunTime:0.0005s ]

[ 2017-06-03T15:46:21+08:00 ] 127.0.0.1 /index.php/Admin/Goods/goodsDel
INFO: [ app_begin ] --START--
INFO: Run Behavior\ReadHtmlCacheBehavior [ RunTime:0.001013s ]
INFO: [ app_begin ] --END-- [ RunTime:0.001858s ]
SQL: SHOW COLUMNS FROM `tp_goods` [ RunTime:0.0055s ]
SQL: SELECT * FROM `tp_goods` WHERE ( id=6 ) LIMIT 1   [ RunTime:0.0006s ]
SQL: UPDATE `tp_goods` SET `goods_name`='梦龙梦龙',`goods_number`='edkx001290021',`goods_count`='32',`brand_id`='2',`goods_weight`='12',`goods_addtime`='0000-00-00 00:00:00',`goods_click`='0',`goods_mprice`=NULL,`goods_price`='12.00',`goods_status`='0',`goods_sort`='12',`goods_description`='<p><span style=\"color:#e36c09;font-family:黑体, SimHei;font-size:24px\">这个是很好吃的哦</span></p>',`goods_updatetime`='1496330022',`goods_bigpic`=NULL,`goods_smallpic`=NULL WHERE `id` = 6 [ RunTime:0.0006s ]

[ 2017-06-03T15:50:08+08:00 ] 127.0.0.1 /index.php/Admin/Goods/picDel
INFO: [ app_begin ] --START--
INFO: Run Behavior\ReadHtmlCacheBehavior [ RunTime:0.001148s ]
INFO: [ app_begin ] --END-- [ RunTime:0.001932s ]
SQL: SHOW COLUMNS FROM `tp_pic` [ RunTime:0.0050s ]
SQL: SELECT * FROM `tp_pic` WHERE `id` = 23 LIMIT 1   [ RunTime:0.0005s ]
SQL: DELETE FROM `tp_pic` WHERE `id` = 23 [ RunTime:0.0020s ]

[ 2017-06-03T15:50:10+08:00 ] 127.0.0.1 /index.php/Admin/Goods/picDel
INFO: [ app_begin ] --START--
INFO: Run Behavior\ReadHtmlCacheBehavior [ RunTime:0.000957s ]
INFO: [ app_begin ] --END-- [ RunTime:0.001650s ]
SQL: SHOW COLUMNS FROM `tp_pic` [ RunTime:0.0048s ]
SQL: SELECT * FROM `tp_pic` WHERE `id` = 24 LIMIT 1   [ RunTime:0.0005s ]
SQL: DELETE FROM `tp_pic` WHERE `id` = 24 [ RunTime:0.0192s ]

[ 2017-06-03T16:11:51+08:00 ] 127.0.0.1 /index.php/Admin/Goods/goodsPic/id/11
ERR: 1064:You have an error in your SQL syntax; check the manual that corresponds to your MySQL server version for the right syntax to use near ')' at line 1
 [ SQL语句 ] : SELECT * FROM `tp_pic` WHERE ( goods_id= ) 

[ 2017-06-03T16:12:15+08:00 ] 127.0.0.1 /index.php/Admin/Goods/goodsPic/id/5
ERR: 1064:You have an error in your SQL syntax; check the manual that corresponds to your MySQL server version for the right syntax to use near ')' at line 1
 [ SQL语句 ] : SELECT * FROM `tp_pic` WHERE ( goods_id= ) 

[ 2017-06-03T16:21:10+08:00 ] 127.0.0.1 /index.php/Admin/Goods/goodsPic/id/5
ERR: 1064:You have an error in your SQL syntax; check the manual that corresponds to your MySQL server version for the right syntax to use near ')' at line 1
 [ SQL语句 ] : SELECT * FROM `tp_pic` WHERE ( goods_id= ) 

[ 2017-06-03T16:22:22+08:00 ] 127.0.0.1 /index.php/Admin/Goods/goodsPic/id/5
ERR: 1064:You have an error in your SQL syntax; check the manual that corresponds to your MySQL server version for the right syntax to use near ')' at line 1
 [ SQL语句 ] : SELECT * FROM `tp_pic` WHERE ( goods_id= ) 

[ 2017-06-03T16:23:25+08:00 ] 127.0.0.1 /index.php/Admin/Goods/goodsPic/id/5
ERR: 1054:Unknown column 'Array' in 'where clause'
 [ SQL语句 ] : SELECT * FROM `tp_pic` WHERE ( goods_id=Array ) 

[ 2017-06-03T16:26:33+08:00 ] 127.0.0.1 /index.php/Admin/Goods/picDel
INFO: [ app_begin ] --START--
INFO: Run Behavior\ReadHtmlCacheBehavior [ RunTime:0.000786s ]
INFO: [ app_begin ] --END-- [ RunTime:0.001450s ]
SQL: SHOW COLUMNS FROM `tp_pic` [ RunTime:0.0047s ]
SQL: SELECT * FROM `tp_pic` WHERE `id` = 37 LIMIT 1   [ RunTime:0.0005s ]
SQL: DELETE FROM `tp_pic` WHERE `id` = 37 [ RunTime:0.0016s ]

[ 2017-06-03T16:26:35+08:00 ] 127.0.0.1 /index.php/Admin/Goods/picDel
INFO: [ app_begin ] --START--
INFO: Run Behavior\ReadHtmlCacheBehavior [ RunTime:0.001167s ]
INFO: [ app_begin ] --END-- [ RunTime:0.001949s ]
SQL: SHOW COLUMNS FROM `tp_pic` [ RunTime:0.0044s ]
SQL: SELECT * FROM `tp_pic` WHERE `id` = 30 LIMIT 1   [ RunTime:0.0005s ]
SQL: DELETE FROM `tp_pic` WHERE `id` = 30 [ RunTime:0.0025s ]

[ 2017-06-03T17:40:48+08:00 ] 127.0.0.1 /index.php/Admin/Goods/picDel
INFO: [ app_begin ] --START--
INFO: Run Behavior\ReadHtmlCacheBehavior [ RunTime:0.001432s ]
INFO: [ app_begin ] --END-- [ RunTime:0.002520s ]
SQL: SHOW COLUMNS FROM `tp_pic` [ RunTime:0.0051s ]
SQL: SELECT * FROM `tp_pic` WHERE `id` = 38 LIMIT 1   [ RunTime:0.0006s ]
SQL: DELETE FROM `tp_pic` WHERE `id` = 38 [ RunTime:0.0234s ]

[ 2017-06-03T17:43:45+08:00 ] 127.0.0.1 /index.php/Admin/Goods/picDel
INFO: [ app_begin ] --START--
INFO: Run Behavior\ReadHtmlCacheBehavior [ RunTime:0.001113s ]
INFO: [ app_begin ] --END-- [ RunTime:0.001884s ]
SQL: SHOW COLUMNS FROM `tp_pic` [ RunTime:0.0048s ]
SQL: SELECT * FROM `tp_pic` WHERE `id` = 28 LIMIT 1   [ RunTime:0.0006s ]
SQL: DELETE FROM `tp_pic` WHERE `id` = 28 [ RunTime:0.0021s ]

[ 2017-06-03T17:43:48+08:00 ] 127.0.0.1 /index.php/Admin/Goods/picDel
INFO: [ app_begin ] --START--
INFO: Run Behavior\ReadHtmlCacheBehavior [ RunTime:0.001013s ]
INFO: [ app_begin ] --END-- [ RunTime:0.001783s ]
SQL: SHOW COLUMNS FROM `tp_pic` [ RunTime:0.0049s ]
SQL: SELECT * FROM `tp_pic` WHERE `id` = 27 LIMIT 1   [ RunTime:0.0005s ]
SQL: DELETE FROM `tp_pic` WHERE `id` = 27 [ RunTime:0.0015s ]

[ 2017-06-03T18:16:30+08:00 ] 127.0.0.1 /index.php/Admin/Goods/picDel
INFO: [ app_begin ] --START--
INFO: Run Behavior\ReadHtmlCacheBehavior [ RunTime:0.001443s ]
INFO: [ app_begin ] --END-- [ RunTime:0.002544s ]
SQL: SHOW COLUMNS FROM `tp_pic` [ RunTime:0.0048s ]
SQL: SELECT * FROM `tp_pic` WHERE `id` = 33 LIMIT 1   [ RunTime:0.0007s ]
SQL: DELETE FROM `tp_pic` WHERE `id` = 33 [ RunTime:0.0021s ]

[ 2017-06-03T18:16:32+08:00 ] 127.0.0.1 /index.php/Admin/Goods/picDel
INFO: [ app_begin ] --START--
INFO: Run Behavior\ReadHtmlCacheBehavior [ RunTime:0.001107s ]
INFO: [ app_begin ] --END-- [ RunTime:0.001876s ]
SQL: SHOW COLUMNS FROM `tp_pic` [ RunTime:0.0052s ]
SQL: SELECT * FROM `tp_pic` WHERE `id` = 34 LIMIT 1   [ RunTime:0.0428s ]
SQL: DELETE FROM `tp_pic` WHERE `id` = 34 [ RunTime:0.0026s ]

[ 2017-06-03T18:16:33+08:00 ] 127.0.0.1 /index.php/Admin/Goods/picDel
INFO: [ app_begin ] --START--
INFO: Run Behavior\ReadHtmlCacheBehavior [ RunTime:0.001021s ]
INFO: [ app_begin ] --END-- [ RunTime:0.001871s ]
SQL: SHOW COLUMNS FROM `tp_pic` [ RunTime:0.0048s ]
SQL: SELECT * FROM `tp_pic` WHERE `id` = 35 LIMIT 1   [ RunTime:0.0004s ]
SQL: DELETE FROM `tp_pic` WHERE `id` = 35 [ RunTime:0.0024s ]

[ 2017-06-03T18:16:39+08:00 ] 127.0.0.1 /index.php/Admin/Goods/picDel
INFO: [ app_begin ] --START--
INFO: Run Behavior\ReadHtmlCacheBehavior [ RunTime:0.000773s ]
INFO: [ app_begin ] --END-- [ RunTime:0.001409s ]
SQL: SHOW COLUMNS FROM `tp_pic` [ RunTime:0.0045s ]
SQL: SELECT * FROM `tp_pic` WHERE `id` = 20 LIMIT 1   [ RunTime:0.0004s ]
SQL: DELETE FROM `tp_pic` WHERE `id` = 20 [ RunTime:0.0015s ]

[ 2017-06-03T18:16:45+08:00 ] 127.0.0.1 /index.php/Admin/Goods/picDel
INFO: [ app_begin ] --START--
INFO: Run Behavior\ReadHtmlCacheBehavior [ RunTime:0.000942s ]
INFO: [ app_begin ] --END-- [ RunTime:0.001624s ]
SQL: SHOW COLUMNS FROM `tp_pic` [ RunTime:0.0046s ]
SQL: SELECT * FROM `tp_pic` WHERE `id` = 29 LIMIT 1   [ RunTime:0.0007s ]
SQL: DELETE FROM `tp_pic` WHERE `id` = 29 [ RunTime:0.0020s ]

[ 2017-06-03T18:16:47+08:00 ] 127.0.0.1 /index.php/Admin/Goods/picDel
INFO: [ app_begin ] --START--
INFO: Run Behavior\ReadHtmlCacheBehavior [ RunTime:0.001077s ]
INFO: [ app_begin ] --END-- [ RunTime:0.001923s ]
SQL: SHOW COLUMNS FROM `tp_pic` [ RunTime:0.0054s ]
SQL: SELECT * FROM `tp_pic` WHERE `id` = 36 LIMIT 1   [ RunTime:0.0005s ]
SQL: DELETE FROM `tp_pic` WHERE `id` = 36 [ RunTime:0.0018s ]

[ 2017-06-03T18:16:50+08:00 ] 127.0.0.1 /index.php/Admin/Goods/picDel
INFO: [ app_begin ] --START--
INFO: Run Behavior\ReadHtmlCacheBehavior [ RunTime:0.001071s ]
INFO: [ app_begin ] --END-- [ RunTime:0.001886s ]
SQL: SHOW COLUMNS FROM `tp_pic` [ RunTime:0.0060s ]
SQL: SELECT * FROM `tp_pic` WHERE `id` = 39 LIMIT 1   [ RunTime:0.0005s ]
SQL: DELETE FROM `tp_pic` WHERE `id` = 39 [ RunTime:0.0025s ]

[ 2017-06-03T18:16:55+08:00 ] 127.0.0.1 /index.php/Admin/Goods/picDel
INFO: [ app_begin ] --START--
INFO: Run Behavior\ReadHtmlCacheBehavior [ RunTime:0.001141s ]
INFO: [ app_begin ] --END-- [ RunTime:0.002290s ]
SQL: SHOW COLUMNS FROM `tp_pic` [ RunTime:0.0155s ]
SQL: SELECT * FROM `tp_pic` WHERE `id` = 25 LIMIT 1   [ RunTime:0.0005s ]
SQL: DELETE FROM `tp_pic` WHERE `id` = 25 [ RunTime:0.0016s ]

[ 2017-06-03T18:16:57+08:00 ] 127.0.0.1 /index.php/Admin/Goods/picDel
INFO: [ app_begin ] --START--
INFO: Run Behavior\ReadHtmlCacheBehavior [ RunTime:0.001422s ]
INFO: [ app_begin ] --END-- [ RunTime:0.002570s ]
SQL: SHOW COLUMNS FROM `tp_pic` [ RunTime:0.0046s ]
SQL: SELECT * FROM `tp_pic` WHERE `id` = 26 LIMIT 1   [ RunTime:0.0004s ]
SQL: DELETE FROM `tp_pic` WHERE `id` = 26 [ RunTime:0.0019s ]

[ 2017-06-03T18:17:02+08:00 ] 127.0.0.1 /index.php/Admin/Goods/picDel
INFO: [ app_begin ] --START--
INFO: Run Behavior\ReadHtmlCacheBehavior [ RunTime:0.000891s ]
INFO: [ app_begin ] --END-- [ RunTime:0.001643s ]
SQL: SHOW COLUMNS FROM `tp_pic` [ RunTime:0.0053s ]
SQL: SELECT * FROM `tp_pic` WHERE `id` = 31 LIMIT 1   [ RunTime:0.0005s ]
SQL: DELETE FROM `tp_pic` WHERE `id` = 31 [ RunTime:0.0019s ]

[ 2017-06-03T18:17:04+08:00 ] 127.0.0.1 /index.php/Admin/Goods/picDel
INFO: [ app_begin ] --START--
INFO: Run Behavior\ReadHtmlCacheBehavior [ RunTime:0.000955s ]
INFO: [ app_begin ] --END-- [ RunTime:0.001684s ]
SQL: SHOW COLUMNS FROM `tp_pic` [ RunTime:0.0055s ]
SQL: SELECT * FROM `tp_pic` WHERE `id` = 32 LIMIT 1   [ RunTime:0.0005s ]
SQL: DELETE FROM `tp_pic` WHERE `id` = 32 [ RunTime:0.0021s ]

[ 2017-06-03T20:43:29+08:00 ] 127.0.0.1 /index.php/Admin/Category/categoryAdd.html
ERR: Think\Controller:categoryTree方法不存在！

[ 2017-06-03T20:43:55+08:00 ] 127.0.0.1 /index.php/Admin/Category/categoryAdd.html
ERR: Think\Controller:getTree方法不存在！

[ 2017-06-03T20:44:01+08:00 ] 127.0.0.1 /index.php/Admin/Category/categoryAdd.html
ERR: Think\Controller:getTree方法不存在！

